{"C:\\Users\\eloy\\Desktop\\tfg\\game-security-project\\gi\\Game_security_backend\\src\\app.js": {"path":"C:\\Users\\eloy\\Desktop\\tfg\\game-security-project\\gi\\Game_security_backend\\src\\app.js","statementMap":{"0":{"start":{"line":2,"column":16},"end":{"line":2,"column":34}},"1":{"start":{"line":3,"column":19},"end":{"line":3,"column":41}},"2":{"start":{"line":4,"column":13},"end":{"line":4,"column":28}},"3":{"start":{"line":5,"column":19},"end":{"line":5,"column":49}},"4":{"start":{"line":6,"column":20},"end":{"line":6,"column":51}},"5":{"start":{"line":7,"column":18},"end":{"line":7,"column":44}},"6":{"start":{"line":8,"column":28},"end":{"line":8,"column":70}},"7":{"start":{"line":10,"column":12},"end":{"line":10,"column":21}},"8":{"start":{"line":11,"column":0},"end":{"line":11,"column":16}},"9":{"start":{"line":12,"column":0},"end":{"line":12,"column":52}},"10":{"start":{"line":13,"column":0},"end":{"line":13,"column":27}},"11":{"start":{"line":15,"column":0},"end":{"line":17,"column":95}},"12":{"start":{"line":16,"column":14},"end":{"line":16,"column":77}},"13":{"start":{"line":17,"column":16},"end":{"line":17,"column":93}},"14":{"start":{"line":20,"column":0},"end":{"line":20,"column":34}},"15":{"start":{"line":21,"column":0},"end":{"line":21,"column":35}},"16":{"start":{"line":23,"column":0},"end":{"line":25,"column":34}},"17":{"start":{"line":24,"column":14},"end":{"line":24,"column":68}},"18":{"start":{"line":25,"column":16},"end":{"line":25,"column":32}},"19":{"start":{"line":28,"column":0},"end":{"line":28,"column":21}}},"fnMap":{"0":{"name":"(anonymous_0)","decl":{"start":{"line":16,"column":8},"end":{"line":16,"column":9}},"loc":{"start":{"line":16,"column":14},"end":{"line":16,"column":77}},"line":16},"1":{"name":"(anonymous_1)","decl":{"start":{"line":17,"column":9},"end":{"line":17,"column":10}},"loc":{"start":{"line":17,"column":16},"end":{"line":17,"column":93}},"line":17},"2":{"name":"(anonymous_2)","decl":{"start":{"line":24,"column":8},"end":{"line":24,"column":9}},"loc":{"start":{"line":24,"column":14},"end":{"line":24,"column":68}},"line":24},"3":{"name":"(anonymous_3)","decl":{"start":{"line":25,"column":9},"end":{"line":25,"column":10}},"loc":{"start":{"line":25,"column":16},"end":{"line":25,"column":32}},"line":25}},"branchMap":{},"s":{"0":1,"1":1,"2":1,"3":1,"4":1,"5":1,"6":1,"7":1,"8":1,"9":1,"10":1,"11":1,"12":1,"13":0,"14":1,"15":1,"16":1,"17":0,"18":0,"19":1},"f":{"0":1,"1":0,"2":0,"3":0},"b":{},"_coverageSchema":"1a1c01bbd47fc00a2c39e90264f33305004495a9","hash":"1466239f3cd643e4de816dc95d4f601287a1116d"}
,"C:\\Users\\eloy\\Desktop\\tfg\\game-security-project\\gi\\Game_security_backend\\src\\config\\config.js": {"path":"C:\\Users\\eloy\\Desktop\\tfg\\game-security-project\\gi\\Game_security_backend\\src\\config\\config.js","statementMap":{"0":{"start":{"line":1,"column":22},"end":{"line":1,"column":42}},"1":{"start":{"line":2,"column":0},"end":{"line":2,"column":85}},"2":{"start":{"line":4,"column":18},"end":{"line":7,"column":2}},"3":{"start":{"line":9,"column":0},"end":{"line":9,"column":27}}},"fnMap":{},"branchMap":{},"s":{"0":2,"1":2,"2":2,"3":2},"f":{},"b":{},"_coverageSchema":"1a1c01bbd47fc00a2c39e90264f33305004495a9","hash":"54c86a7748e6b864bcc5052b6299ac05980ab82d"}
,"C:\\Users\\eloy\\Desktop\\tfg\\game-security-project\\gi\\Game_security_backend\\src\\controllers\\adminController.js": {"path":"C:\\Users\\eloy\\Desktop\\tfg\\game-security-project\\gi\\Game_security_backend\\src\\controllers\\adminController.js","statementMap":{"0":{"start":{"line":1,"column":12},"end":{"line":1,"column":35}},"1":{"start":{"line":3,"column":16},"end":{"line":3,"column":49}},"2":{"start":{"line":6,"column":20},"end":{"line":22,"column":1}},"3":{"start":{"line":7,"column":2},"end":{"line":21,"column":3}},"4":{"start":{"line":8,"column":18},"end":{"line":8,"column":58}},"5":{"start":{"line":9,"column":4},"end":{"line":9,"column":79}},"6":{"start":{"line":9,"column":16},"end":{"line":9,"column":79}},"7":{"start":{"line":11,"column":20},"end":{"line":11,"column":61}},"8":{"start":{"line":12,"column":27},"end":{"line":12,"column":87}},"9":{"start":{"line":14,"column":4},"end":{"line":16,"column":5}},"10":{"start":{"line":15,"column":6},"end":{"line":15,"column":74}},"11":{"start":{"line":18,"column":4},"end":{"line":18,"column":11}},"12":{"start":{"line":20,"column":4},"end":{"line":20,"column":53}},"13":{"start":{"line":25,"column":0},"end":{"line":60,"column":2}},"14":{"start":{"line":28,"column":4},"end":{"line":58,"column":5}},"15":{"start":{"line":29,"column":62},"end":{"line":29,"column":70}},"16":{"start":{"line":31,"column":6},"end":{"line":33,"column":7}},"17":{"start":{"line":32,"column":8},"end":{"line":32,"column":73}},"18":{"start":{"line":36,"column":26},"end":{"line":36,"column":28}},"19":{"start":{"line":37,"column":6},"end":{"line":37,"column":73}},"20":{"start":{"line":37,"column":27},"end":{"line":37,"column":73}},"21":{"start":{"line":38,"column":6},"end":{"line":38,"column":70}},"22":{"start":{"line":38,"column":26},"end":{"line":38,"column":70}},"23":{"start":{"line":40,"column":6},"end":{"line":42,"column":7}},"24":{"start":{"line":41,"column":8},"end":{"line":41,"column":73}},"25":{"start":{"line":44,"column":6},"end":{"line":44,"column":79}},"26":{"start":{"line":45,"column":26},"end":{"line":45,"column":86}},"27":{"start":{"line":47,"column":6},"end":{"line":55,"column":9}},"28":{"start":{"line":57,"column":6},"end":{"line":57,"column":55}},"29":{"start":{"line":63,"column":0},"end":{"line":85,"column":2}},"30":{"start":{"line":66,"column":4},"end":{"line":83,"column":5}},"31":{"start":{"line":67,"column":29},"end":{"line":67,"column":39}},"32":{"start":{"line":69,"column":6},"end":{"line":71,"column":7}},"33":{"start":{"line":70,"column":8},"end":{"line":70,"column":73}},"34":{"start":{"line":74,"column":6},"end":{"line":76,"column":7}},"35":{"start":{"line":75,"column":8},"end":{"line":75,"column":90}},"36":{"start":{"line":78,"column":6},"end":{"line":78,"column":67}},"37":{"start":{"line":80,"column":6},"end":{"line":80,"column":70}},"38":{"start":{"line":82,"column":6},"end":{"line":82,"column":55}},"39":{"start":{"line":88,"column":0},"end":{"line":100,"column":2}},"40":{"start":{"line":91,"column":4},"end":{"line":98,"column":5}},"41":{"start":{"line":92,"column":20},"end":{"line":94,"column":8}},"42":{"start":{"line":95,"column":6},"end":{"line":95,"column":34}},"43":{"start":{"line":97,"column":6},"end":{"line":97,"column":55}},"44":{"start":{"line":103,"column":0},"end":{"line":127,"column":4}},"45":{"start":{"line":106,"column":6},"end":{"line":125,"column":7}},"46":{"start":{"line":107,"column":31},"end":{"line":107,"column":41}},"47":{"start":{"line":109,"column":8},"end":{"line":111,"column":9}},"48":{"start":{"line":110,"column":10},"end":{"line":110,"column":75}},"49":{"start":{"line":113,"column":21},"end":{"line":116,"column":10}},"50":{"start":{"line":118,"column":8},"end":{"line":120,"column":9}},"51":{"start":{"line":119,"column":10},"end":{"line":119,"column":70}},"52":{"start":{"line":122,"column":8},"end":{"line":122,"column":35}},"53":{"start":{"line":124,"column":8},"end":{"line":124,"column":57}}},"fnMap":{"0":{"name":"(anonymous_0)","decl":{"start":{"line":6,"column":20},"end":{"line":6,"column":21}},"loc":{"start":{"line":6,"column":46},"end":{"line":22,"column":1}},"line":6},"1":{"name":"(anonymous_1)","decl":{"start":{"line":27,"column":2},"end":{"line":27,"column":3}},"loc":{"start":{"line":27,"column":22},"end":{"line":59,"column":3}},"line":27},"2":{"name":"(anonymous_2)","decl":{"start":{"line":65,"column":2},"end":{"line":65,"column":3}},"loc":{"start":{"line":65,"column":22},"end":{"line":84,"column":3}},"line":65},"3":{"name":"(anonymous_3)","decl":{"start":{"line":90,"column":2},"end":{"line":90,"column":3}},"loc":{"start":{"line":90,"column":22},"end":{"line":99,"column":3}},"line":90},"4":{"name":"(anonymous_4)","decl":{"start":{"line":105,"column":4},"end":{"line":105,"column":5}},"loc":{"start":{"line":105,"column":24},"end":{"line":126,"column":5}},"line":105}},"branchMap":{"0":{"loc":{"start":{"line":9,"column":4},"end":{"line":9,"column":79}},"type":"if","locations":[{"start":{"line":9,"column":4},"end":{"line":9,"column":79}},{"start":{},"end":{}}],"line":9},"1":{"loc":{"start":{"line":14,"column":4},"end":{"line":16,"column":5}},"type":"if","locations":[{"start":{"line":14,"column":4},"end":{"line":16,"column":5}},{"start":{},"end":{}}],"line":14},"2":{"loc":{"start":{"line":14,"column":8},"end":{"line":14,"column":54}},"type":"binary-expr","locations":[{"start":{"line":14,"column":8},"end":{"line":14,"column":23}},{"start":{"line":14,"column":27},"end":{"line":14,"column":54}}],"line":14},"3":{"loc":{"start":{"line":31,"column":6},"end":{"line":33,"column":7}},"type":"if","locations":[{"start":{"line":31,"column":6},"end":{"line":33,"column":7}},{"start":{},"end":{}}],"line":31},"4":{"loc":{"start":{"line":37,"column":6},"end":{"line":37,"column":73}},"type":"if","locations":[{"start":{"line":37,"column":6},"end":{"line":37,"column":73}},{"start":{},"end":{}}],"line":37},"5":{"loc":{"start":{"line":38,"column":6},"end":{"line":38,"column":70}},"type":"if","locations":[{"start":{"line":38,"column":6},"end":{"line":38,"column":70}},{"start":{},"end":{}}],"line":38},"6":{"loc":{"start":{"line":40,"column":6},"end":{"line":42,"column":7}},"type":"if","locations":[{"start":{"line":40,"column":6},"end":{"line":42,"column":7}},{"start":{},"end":{}}],"line":40},"7":{"loc":{"start":{"line":69,"column":6},"end":{"line":71,"column":7}},"type":"if","locations":[{"start":{"line":69,"column":6},"end":{"line":71,"column":7}},{"start":{},"end":{}}],"line":69},"8":{"loc":{"start":{"line":74,"column":6},"end":{"line":76,"column":7}},"type":"if","locations":[{"start":{"line":74,"column":6},"end":{"line":76,"column":7}},{"start":{},"end":{}}],"line":74},"9":{"loc":{"start":{"line":109,"column":8},"end":{"line":111,"column":9}},"type":"if","locations":[{"start":{"line":109,"column":8},"end":{"line":111,"column":9}},{"start":{},"end":{}}],"line":109},"10":{"loc":{"start":{"line":118,"column":8},"end":{"line":120,"column":9}},"type":"if","locations":[{"start":{"line":118,"column":8},"end":{"line":120,"column":9}},{"start":{},"end":{}}],"line":118}},"s":{"0":1,"1":1,"2":1,"3":1,"4":1,"5":1,"6":0,"7":1,"8":1,"9":1,"10":0,"11":1,"12":0,"13":1,"14":0,"15":0,"16":0,"17":0,"18":0,"19":0,"20":0,"21":0,"22":0,"23":0,"24":0,"25":0,"26":0,"27":0,"28":0,"29":1,"30":0,"31":0,"32":0,"33":0,"34":0,"35":0,"36":0,"37":0,"38":0,"39":1,"40":0,"41":0,"42":0,"43":0,"44":1,"45":1,"46":1,"47":1,"48":0,"49":1,"50":1,"51":0,"52":1,"53":0},"f":{"0":1,"1":0,"2":0,"3":0,"4":1},"b":{"0":[0,1],"1":[0,1],"2":[1,1],"3":[0,0],"4":[0,0],"5":[0,0],"6":[0,0],"7":[0,0],"8":[0,0],"9":[0,1],"10":[0,1]},"_coverageSchema":"1a1c01bbd47fc00a2c39e90264f33305004495a9","hash":"6ea89e42dfe2eca8b5fe75535c30951d7a054bee"}
,"C:\\Users\\eloy\\Desktop\\tfg\\game-security-project\\gi\\Game_security_backend\\src\\controllers\\authController.js": {"path":"C:\\Users\\eloy\\Desktop\\tfg\\game-security-project\\gi\\Game_security_backend\\src\\controllers\\authController.js","statementMap":{"0":{"start":{"line":1,"column":12},"end":{"line":1,"column":35}},"1":{"start":{"line":2,"column":15},"end":{"line":2,"column":34}},"2":{"start":{"line":3,"column":16},"end":{"line":3,"column":49}},"3":{"start":{"line":5,"column":0},"end":{"line":42,"column":2}},"4":{"start":{"line":6,"column":2},"end":{"line":41,"column":3}},"5":{"start":{"line":7,"column":106},"end":{"line":7,"column":114}},"6":{"start":{"line":9,"column":25},"end":{"line":9,"column":81}},"7":{"start":{"line":10,"column":4},"end":{"line":12,"column":5}},"8":{"start":{"line":11,"column":6},"end":{"line":11,"column":84}},"9":{"start":{"line":14,"column":17},"end":{"line":14,"column":39}},"10":{"start":{"line":15,"column":27},"end":{"line":15,"column":60}},"11":{"start":{"line":17,"column":17},"end":{"line":24,"column":6}},"12":{"start":{"line":26,"column":18},"end":{"line":26,"column":97}},"13":{"start":{"line":28,"column":4},"end":{"line":38,"column":7}},"14":{"start":{"line":40,"column":4},"end":{"line":40,"column":53}},"15":{"start":{"line":44,"column":0},"end":{"line":93,"column":2}},"16":{"start":{"line":45,"column":2},"end":{"line":92,"column":3}},"17":{"start":{"line":46,"column":101},"end":{"line":46,"column":109}},"18":{"start":{"line":48,"column":4},"end":{"line":50,"column":5}},"19":{"start":{"line":49,"column":6},"end":{"line":49,"column":71}},"20":{"start":{"line":52,"column":18},"end":{"line":52,"column":57}},"21":{"start":{"line":53,"column":20},"end":{"line":53,"column":61}},"22":{"start":{"line":54,"column":4},"end":{"line":56,"column":5}},"23":{"start":{"line":55,"column":6},"end":{"line":55,"column":94}},"24":{"start":{"line":58,"column":17},"end":{"line":58,"column":69}},"25":{"start":{"line":60,"column":4},"end":{"line":62,"column":5}},"26":{"start":{"line":61,"column":6},"end":{"line":61,"column":78}},"27":{"start":{"line":64,"column":24},"end":{"line":64,"column":26}},"28":{"start":{"line":65,"column":4},"end":{"line":65,"column":71}},"29":{"start":{"line":65,"column":25},"end":{"line":65,"column":71}},"30":{"start":{"line":66,"column":4},"end":{"line":66,"column":68}},"31":{"start":{"line":66,"column":24},"end":{"line":66,"column":68}},"32":{"start":{"line":67,"column":4},"end":{"line":67,"column":80}},"33":{"start":{"line":67,"column":28},"end":{"line":67,"column":80}},"34":{"start":{"line":68,"column":4},"end":{"line":71,"column":5}},"35":{"start":{"line":69,"column":19},"end":{"line":69,"column":41}},"36":{"start":{"line":70,"column":6},"end":{"line":70,"column":65}},"37":{"start":{"line":73,"column":4},"end":{"line":73,"column":69}},"38":{"start":{"line":75,"column":24},"end":{"line":75,"column":76}},"39":{"start":{"line":77,"column":21},"end":{"line":77,"column":107}},"40":{"start":{"line":79,"column":4},"end":{"line":89,"column":7}},"41":{"start":{"line":91,"column":4},"end":{"line":91,"column":53}},"42":{"start":{"line":95,"column":0},"end":{"line":121,"column":2}},"43":{"start":{"line":96,"column":2},"end":{"line":120,"column":3}},"44":{"start":{"line":97,"column":47},"end":{"line":97,"column":55}},"45":{"start":{"line":99,"column":17},"end":{"line":99,"column":73}},"46":{"start":{"line":101,"column":4},"end":{"line":103,"column":5}},"47":{"start":{"line":102,"column":6},"end":{"line":102,"column":121}},"48":{"start":{"line":105,"column":18},"end":{"line":105,"column":97}},"49":{"start":{"line":107,"column":4},"end":{"line":117,"column":7}},"50":{"start":{"line":119,"column":4},"end":{"line":119,"column":53}}},"fnMap":{"0":{"name":"(anonymous_0)","decl":{"start":{"line":5,"column":19},"end":{"line":5,"column":20}},"loc":{"start":{"line":5,"column":39},"end":{"line":42,"column":1}},"line":5},"1":{"name":"(anonymous_1)","decl":{"start":{"line":44,"column":17},"end":{"line":44,"column":18}},"loc":{"start":{"line":44,"column":37},"end":{"line":93,"column":1}},"line":44},"2":{"name":"(anonymous_2)","decl":{"start":{"line":95,"column":16},"end":{"line":95,"column":17}},"loc":{"start":{"line":95,"column":36},"end":{"line":121,"column":1}},"line":95}},"branchMap":{"0":{"loc":{"start":{"line":10,"column":4},"end":{"line":12,"column":5}},"type":"if","locations":[{"start":{"line":10,"column":4},"end":{"line":12,"column":5}},{"start":{},"end":{}}],"line":10},"1":{"loc":{"start":{"line":48,"column":4},"end":{"line":50,"column":5}},"type":"if","locations":[{"start":{"line":48,"column":4},"end":{"line":50,"column":5}},{"start":{},"end":{}}],"line":48},"2":{"loc":{"start":{"line":54,"column":4},"end":{"line":56,"column":5}},"type":"if","locations":[{"start":{"line":54,"column":4},"end":{"line":56,"column":5}},{"start":{},"end":{}}],"line":54},"3":{"loc":{"start":{"line":60,"column":4},"end":{"line":62,"column":5}},"type":"if","locations":[{"start":{"line":60,"column":4},"end":{"line":62,"column":5}},{"start":{},"end":{}}],"line":60},"4":{"loc":{"start":{"line":65,"column":4},"end":{"line":65,"column":71}},"type":"if","locations":[{"start":{"line":65,"column":4},"end":{"line":65,"column":71}},{"start":{},"end":{}}],"line":65},"5":{"loc":{"start":{"line":66,"column":4},"end":{"line":66,"column":68}},"type":"if","locations":[{"start":{"line":66,"column":4},"end":{"line":66,"column":68}},{"start":{},"end":{}}],"line":66},"6":{"loc":{"start":{"line":67,"column":4},"end":{"line":67,"column":80}},"type":"if","locations":[{"start":{"line":67,"column":4},"end":{"line":67,"column":80}},{"start":{},"end":{}}],"line":67},"7":{"loc":{"start":{"line":68,"column":4},"end":{"line":71,"column":5}},"type":"if","locations":[{"start":{"line":68,"column":4},"end":{"line":71,"column":5}},{"start":{},"end":{}}],"line":68},"8":{"loc":{"start":{"line":101,"column":4},"end":{"line":103,"column":5}},"type":"if","locations":[{"start":{"line":101,"column":4},"end":{"line":103,"column":5}},{"start":{},"end":{}}],"line":101},"9":{"loc":{"start":{"line":101,"column":8},"end":{"line":101,"column":65}},"type":"binary-expr","locations":[{"start":{"line":101,"column":8},"end":{"line":101,"column":13}},{"start":{"line":101,"column":17},"end":{"line":101,"column":65}}],"line":101}},"s":{"0":1,"1":1,"2":1,"3":1,"4":0,"5":0,"6":0,"7":0,"8":0,"9":0,"10":0,"11":0,"12":0,"13":0,"14":0,"15":1,"16":0,"17":0,"18":0,"19":0,"20":0,"21":0,"22":0,"23":0,"24":0,"25":0,"26":0,"27":0,"28":0,"29":0,"30":0,"31":0,"32":0,"33":0,"34":0,"35":0,"36":0,"37":0,"38":0,"39":0,"40":0,"41":0,"42":1,"43":0,"44":0,"45":0,"46":0,"47":0,"48":0,"49":0,"50":0},"f":{"0":0,"1":0,"2":0},"b":{"0":[0,0],"1":[0,0],"2":[0,0],"3":[0,0],"4":[0,0],"5":[0,0],"6":[0,0],"7":[0,0],"8":[0,0],"9":[0,0]},"_coverageSchema":"1a1c01bbd47fc00a2c39e90264f33305004495a9","hash":"190bb929ce6b274d1306b41e70e85de0b412c016"}
,"C:\\Users\\eloy\\Desktop\\tfg\\game-security-project\\gi\\Game_security_backend\\src\\controllers\\cleanupController.js": {"path":"C:\\Users\\eloy\\Desktop\\tfg\\game-security-project\\gi\\Game_security_backend\\src\\controllers\\cleanupController.js","statementMap":{"0":{"start":{"line":2,"column":14},"end":{"line":2,"column":31}},"1":{"start":{"line":4,"column":28},"end":{"line":43,"column":1}},"2":{"start":{"line":5,"column":21},"end":{"line":10,"column":4}},"3":{"start":{"line":12,"column":2},"end":{"line":42,"column":5}},"4":{"start":{"line":13,"column":4},"end":{"line":16,"column":5}},"5":{"start":{"line":14,"column":6},"end":{"line":14,"column":74}},"6":{"start":{"line":15,"column":6},"end":{"line":15,"column":13}},"7":{"start":{"line":18,"column":4},"end":{"line":41,"column":7}},"8":{"start":{"line":19,"column":6},"end":{"line":23,"column":7}},"9":{"start":{"line":20,"column":8},"end":{"line":20,"column":71}},"10":{"start":{"line":21,"column":8},"end":{"line":21,"column":25}},"11":{"start":{"line":22,"column":8},"end":{"line":22,"column":15}},"12":{"start":{"line":25,"column":24},"end":{"line":25,"column":65}},"13":{"start":{"line":25,"column":43},"end":{"line":25,"column":64}},"14":{"start":{"line":26,"column":6},"end":{"line":30,"column":7}},"15":{"start":{"line":27,"column":8},"end":{"line":27,"column":82}},"16":{"start":{"line":28,"column":8},"end":{"line":28,"column":25}},"17":{"start":{"line":29,"column":8},"end":{"line":29,"column":15}},"18":{"start":{"line":32,"column":28},"end":{"line":32,"column":81}},"19":{"start":{"line":32,"column":48},"end":{"line":32,"column":69}},"20":{"start":{"line":33,"column":6},"end":{"line":40,"column":9}},"21":{"start":{"line":34,"column":8},"end":{"line":38,"column":9}},"22":{"start":{"line":35,"column":10},"end":{"line":35,"column":74}},"23":{"start":{"line":37,"column":10},"end":{"line":37,"column":73}},"24":{"start":{"line":39,"column":8},"end":{"line":39,"column":25}},"25":{"start":{"line":45,"column":0},"end":{"line":45,"column":37}}},"fnMap":{"0":{"name":"(anonymous_0)","decl":{"start":{"line":4,"column":28},"end":{"line":4,"column":29}},"loc":{"start":{"line":4,"column":40},"end":{"line":43,"column":1}},"line":4},"1":{"name":"(anonymous_1)","decl":{"start":{"line":12,"column":21},"end":{"line":12,"column":22}},"loc":{"start":{"line":12,"column":28},"end":{"line":42,"column":3}},"line":12},"2":{"name":"(anonymous_2)","decl":{"start":{"line":18,"column":56},"end":{"line":18,"column":57}},"loc":{"start":{"line":18,"column":74},"end":{"line":41,"column":5}},"line":18},"3":{"name":"(anonymous_3)","decl":{"start":{"line":25,"column":36},"end":{"line":25,"column":37}},"loc":{"start":{"line":25,"column":43},"end":{"line":25,"column":64}},"line":25},"4":{"name":"(anonymous_4)","decl":{"start":{"line":32,"column":42},"end":{"line":32,"column":43}},"loc":{"start":{"line":32,"column":48},"end":{"line":32,"column":69}},"line":32},"5":{"name":"(anonymous_5)","decl":{"start":{"line":33,"column":38},"end":{"line":33,"column":39}},"loc":{"start":{"line":33,"column":47},"end":{"line":40,"column":7}},"line":33}},"branchMap":{"0":{"loc":{"start":{"line":13,"column":4},"end":{"line":16,"column":5}},"type":"if","locations":[{"start":{"line":13,"column":4},"end":{"line":16,"column":5}},{"start":{},"end":{}}],"line":13},"1":{"loc":{"start":{"line":19,"column":6},"end":{"line":23,"column":7}},"type":"if","locations":[{"start":{"line":19,"column":6},"end":{"line":23,"column":7}},{"start":{},"end":{}}],"line":19},"2":{"loc":{"start":{"line":26,"column":6},"end":{"line":30,"column":7}},"type":"if","locations":[{"start":{"line":26,"column":6},"end":{"line":30,"column":7}},{"start":{},"end":{}}],"line":26},"3":{"loc":{"start":{"line":34,"column":8},"end":{"line":38,"column":9}},"type":"if","locations":[{"start":{"line":34,"column":8},"end":{"line":38,"column":9}},{"start":{"line":36,"column":15},"end":{"line":38,"column":9}}],"line":34}},"s":{"0":1,"1":1,"2":1,"3":1,"4":0,"5":0,"6":0,"7":0,"8":0,"9":0,"10":0,"11":0,"12":0,"13":0,"14":0,"15":0,"16":0,"17":0,"18":0,"19":0,"20":0,"21":0,"22":0,"23":0,"24":0,"25":1},"f":{"0":1,"1":0,"2":0,"3":0,"4":0,"5":0},"b":{"0":[0,0],"1":[0,0],"2":[0,0],"3":[0,0]},"_coverageSchema":"1a1c01bbd47fc00a2c39e90264f33305004495a9","hash":"df46511e7f76a0dd2b11cfcd78a1985aff2e1403"}
,"C:\\Users\\eloy\\Desktop\\tfg\\game-security-project\\gi\\Game_security_backend\\src\\models\\desafioModel.js": {"path":"C:\\Users\\eloy\\Desktop\\tfg\\game-security-project\\gi\\Game_security_backend\\src\\models\\desafioModel.js","statementMap":{"0":{"start":{"line":2,"column":22},"end":{"line":2,"column":42}},"1":{"start":{"line":3,"column":18},"end":{"line":3,"column":45}},"2":{"start":{"line":4,"column":13},"end":{"line":4,"column":35}},"3":{"start":{"line":5,"column":14},"end":{"line":5,"column":37}},"4":{"start":{"line":6,"column":23},"end":{"line":6,"column":55}},"5":{"start":{"line":7,"column":28},"end":{"line":7,"column":65}},"6":{"start":{"line":8,"column":17},"end":{"line":8,"column":43}},"7":{"start":{"line":10,"column":16},"end":{"line":39,"column":2}},"8":{"start":{"line":41,"column":0},"end":{"line":41,"column":51}},"9":{"start":{"line":42,"column":0},"end":{"line":42,"column":49}},"10":{"start":{"line":43,"column":0},"end":{"line":43,"column":53}},"11":{"start":{"line":44,"column":0},"end":{"line":44,"column":62}},"12":{"start":{"line":45,"column":0},"end":{"line":45,"column":67}},"13":{"start":{"line":50,"column":0},"end":{"line":50,"column":25}}},"fnMap":{},"branchMap":{},"s":{"0":1,"1":1,"2":1,"3":1,"4":1,"5":1,"6":1,"7":1,"8":1,"9":1,"10":1,"11":1,"12":1,"13":1},"f":{},"b":{},"_coverageSchema":"1a1c01bbd47fc00a2c39e90264f33305004495a9","hash":"3c96433898e97c5e9fb33ebb0776c81e807a4be2"}
,"C:\\Users\\eloy\\Desktop\\tfg\\game-security-project\\gi\\Game_security_backend\\src\\models\\documentoAyudaModel.js": {"path":"C:\\Users\\eloy\\Desktop\\tfg\\game-security-project\\gi\\Game_security_backend\\src\\models\\documentoAyudaModel.js","statementMap":{"0":{"start":{"line":1,"column":22},"end":{"line":1,"column":42}},"1":{"start":{"line":2,"column":18},"end":{"line":2,"column":45}},"2":{"start":{"line":3,"column":16},"end":{"line":3,"column":41}},"3":{"start":{"line":5,"column":23},"end":{"line":25,"column":2}},"4":{"start":{"line":28,"column":0},"end":{"line":28,"column":32}}},"fnMap":{},"branchMap":{},"s":{"0":1,"1":1,"2":1,"3":1,"4":1},"f":{},"b":{},"_coverageSchema":"1a1c01bbd47fc00a2c39e90264f33305004495a9","hash":"9d2d81183322435ecbca0420450c10cd8701e57e"}
,"C:\\Users\\eloy\\Desktop\\tfg\\game-security-project\\gi\\Game_security_backend\\src\\models\\documentoPrevencionModel.js": {"path":"C:\\Users\\eloy\\Desktop\\tfg\\game-security-project\\gi\\Game_security_backend\\src\\models\\documentoPrevencionModel.js","statementMap":{"0":{"start":{"line":1,"column":22},"end":{"line":1,"column":42}},"1":{"start":{"line":2,"column":18},"end":{"line":2,"column":45}},"2":{"start":{"line":3,"column":16},"end":{"line":3,"column":41}},"3":{"start":{"line":5,"column":28},"end":{"line":25,"column":2}},"4":{"start":{"line":28,"column":0},"end":{"line":28,"column":37}}},"fnMap":{},"branchMap":{},"s":{"0":1,"1":1,"2":1,"3":1,"4":1},"f":{},"b":{},"_coverageSchema":"1a1c01bbd47fc00a2c39e90264f33305004495a9","hash":"9510096e075490db05e644add1fd4c2cc0e06ca0"}
,"C:\\Users\\eloy\\Desktop\\tfg\\game-security-project\\gi\\Game_security_backend\\src\\models\\faseModel.js": {"path":"C:\\Users\\eloy\\Desktop\\tfg\\game-security-project\\gi\\Game_security_backend\\src\\models\\faseModel.js","statementMap":{"0":{"start":{"line":1,"column":22},"end":{"line":1,"column":42}},"1":{"start":{"line":2,"column":18},"end":{"line":2,"column":45}},"2":{"start":{"line":4,"column":13},"end":{"line":20,"column":2}},"3":{"start":{"line":22,"column":0},"end":{"line":22,"column":22}}},"fnMap":{},"branchMap":{},"s":{"0":1,"1":1,"2":1,"3":1},"f":{},"b":{},"_coverageSchema":"1a1c01bbd47fc00a2c39e90264f33305004495a9","hash":"b63d576a737d83814ca7fee42b4f9ac9e9ce8e18"}
,"C:\\Users\\eloy\\Desktop\\tfg\\game-security-project\\gi\\Game_security_backend\\src\\models\\logroModel.js": {"path":"C:\\Users\\eloy\\Desktop\\tfg\\game-security-project\\gi\\Game_security_backend\\src\\models\\logroModel.js","statementMap":{"0":{"start":{"line":1,"column":22},"end":{"line":1,"column":42}},"1":{"start":{"line":2,"column":18},"end":{"line":2,"column":45}},"2":{"start":{"line":4,"column":14},"end":{"line":21,"column":2}},"3":{"start":{"line":23,"column":0},"end":{"line":23,"column":23}}},"fnMap":{},"branchMap":{},"s":{"0":1,"1":1,"2":1,"3":1},"f":{},"b":{},"_coverageSchema":"1a1c01bbd47fc00a2c39e90264f33305004495a9","hash":"516aef5d5beed01561e8b199ba13bbd7b0c9861c"}
,"C:\\Users\\eloy\\Desktop\\tfg\\game-security-project\\gi\\Game_security_backend\\src\\models\\pistaModel.js": {"path":"C:\\Users\\eloy\\Desktop\\tfg\\game-security-project\\gi\\Game_security_backend\\src\\models\\pistaModel.js","statementMap":{"0":{"start":{"line":1,"column":22},"end":{"line":1,"column":42}},"1":{"start":{"line":2,"column":18},"end":{"line":2,"column":45}},"2":{"start":{"line":3,"column":16},"end":{"line":3,"column":41}},"3":{"start":{"line":5,"column":14},"end":{"line":25,"column":2}},"4":{"start":{"line":28,"column":0},"end":{"line":28,"column":23}}},"fnMap":{},"branchMap":{},"s":{"0":1,"1":1,"2":1,"3":1,"4":1},"f":{},"b":{},"_coverageSchema":"1a1c01bbd47fc00a2c39e90264f33305004495a9","hash":"ef5d7fcc22a15430aa62ec3f03bac647bf5b239e"}
,"C:\\Users\\eloy\\Desktop\\tfg\\game-security-project\\gi\\Game_security_backend\\src\\models\\progresoModel.js": {"path":"C:\\Users\\eloy\\Desktop\\tfg\\game-security-project\\gi\\Game_security_backend\\src\\models\\progresoModel.js","statementMap":{"0":{"start":{"line":1,"column":22},"end":{"line":1,"column":42}},"1":{"start":{"line":2,"column":18},"end":{"line":2,"column":45}},"2":{"start":{"line":3,"column":16},"end":{"line":3,"column":41}},"3":{"start":{"line":4,"column":16},"end":{"line":4,"column":41}},"4":{"start":{"line":6,"column":17},"end":{"line":37,"column":2}},"5":{"start":{"line":39,"column":0},"end":{"line":39,"column":26}}},"fnMap":{},"branchMap":{},"s":{"0":1,"1":1,"2":1,"3":1,"4":1,"5":1},"f":{},"b":{},"_coverageSchema":"1a1c01bbd47fc00a2c39e90264f33305004495a9","hash":"d17394f986ad54f1181d3a3f0d9f8cc98c1dbe45"}
,"C:\\Users\\eloy\\Desktop\\tfg\\game-security-project\\gi\\Game_security_backend\\src\\models\\rolModel.js": {"path":"C:\\Users\\eloy\\Desktop\\tfg\\game-security-project\\gi\\Game_security_backend\\src\\models\\rolModel.js","statementMap":{"0":{"start":{"line":1,"column":22},"end":{"line":1,"column":42}},"1":{"start":{"line":2,"column":18},"end":{"line":2,"column":45}},"2":{"start":{"line":4,"column":12},"end":{"line":20,"column":2}},"3":{"start":{"line":22,"column":0},"end":{"line":22,"column":21}}},"fnMap":{},"branchMap":{},"s":{"0":1,"1":1,"2":1,"3":1},"f":{},"b":{},"_coverageSchema":"1a1c01bbd47fc00a2c39e90264f33305004495a9","hash":"ac0a6d4e021def0cb97f8621a578ab03ea4efd91"}
,"C:\\Users\\eloy\\Desktop\\tfg\\game-security-project\\gi\\Game_security_backend\\src\\models\\usuarioModel.js": {"path":"C:\\Users\\eloy\\Desktop\\tfg\\game-security-project\\gi\\Game_security_backend\\src\\models\\usuarioModel.js","statementMap":{"0":{"start":{"line":1,"column":22},"end":{"line":1,"column":42}},"1":{"start":{"line":2,"column":18},"end":{"line":2,"column":45}},"2":{"start":{"line":3,"column":12},"end":{"line":3,"column":33}},"3":{"start":{"line":4,"column":17},"end":{"line":4,"column":43}},"4":{"start":{"line":5,"column":14},"end":{"line":5,"column":37}},"5":{"start":{"line":7,"column":16},"end":{"line":44,"column":2}},"6":{"start":{"line":46,"column":0},"end":{"line":46,"column":49}},"7":{"start":{"line":48,"column":0},"end":{"line":48,"column":57}},"8":{"start":{"line":51,"column":0},"end":{"line":51,"column":54}},"9":{"start":{"line":55,"column":0},"end":{"line":55,"column":25}}},"fnMap":{},"branchMap":{},"s":{"0":1,"1":1,"2":1,"3":1,"4":1,"5":1,"6":1,"7":1,"8":1,"9":1},"f":{},"b":{},"_coverageSchema":"1a1c01bbd47fc00a2c39e90264f33305004495a9","hash":"c0d3b2132b05495e947d0ae555fccf0bafd5f09a"}
,"C:\\Users\\eloy\\Desktop\\tfg\\game-security-project\\gi\\Game_security_backend\\src\\routes\\adminRoutes.js": {"path":"C:\\Users\\eloy\\Desktop\\tfg\\game-security-project\\gi\\Game_security_backend\\src\\routes\\adminRoutes.js","statementMap":{"0":{"start":{"line":1,"column":16},"end":{"line":1,"column":34}},"1":{"start":{"line":2,"column":15},"end":{"line":2,"column":31}},"2":{"start":{"line":3,"column":60},"end":{"line":3,"column":101}},"3":{"start":{"line":6,"column":0},"end":{"line":6,"column":46}},"4":{"start":{"line":7,"column":0},"end":{"line":7,"column":49}},"5":{"start":{"line":8,"column":0},"end":{"line":8,"column":34}},"6":{"start":{"line":9,"column":0},"end":{"line":9,"column":45}},"7":{"start":{"line":11,"column":0},"end":{"line":11,"column":24}}},"fnMap":{},"branchMap":{},"s":{"0":1,"1":1,"2":1,"3":1,"4":1,"5":1,"6":1,"7":1},"f":{},"b":{},"_coverageSchema":"1a1c01bbd47fc00a2c39e90264f33305004495a9","hash":"c6160acc4bbdb82a024bac172f1566eaf4ec64f0"}
,"C:\\Users\\eloy\\Desktop\\tfg\\game-security-project\\gi\\Game_security_backend\\src\\routes\\userRoutes.js": {"path":"C:\\Users\\eloy\\Desktop\\tfg\\game-security-project\\gi\\Game_security_backend\\src\\routes\\userRoutes.js","statementMap":{"0":{"start":{"line":1,"column":16},"end":{"line":1,"column":34}},"1":{"start":{"line":2,"column":15},"end":{"line":2,"column":31}},"2":{"start":{"line":3,"column":23},"end":{"line":3,"column":63}},"3":{"start":{"line":5,"column":0},"end":{"line":5,"column":50}},"4":{"start":{"line":6,"column":0},"end":{"line":6,"column":44}},"5":{"start":{"line":8,"column":0},"end":{"line":8,"column":45}},"6":{"start":{"line":10,"column":0},"end":{"line":10,"column":24}}},"fnMap":{},"branchMap":{},"s":{"0":1,"1":1,"2":1,"3":1,"4":1,"5":1,"6":1},"f":{},"b":{},"_coverageSchema":"1a1c01bbd47fc00a2c39e90264f33305004495a9","hash":"f4f3b28b97a8f1f8959608645a7c5fe64993e5c1"}
}
