{"C:\\Users\\eloy\\Desktop\\tfg\\game-security-project\\gi\\Game_security_backend\\src\\app.js": {"path":"C:\\Users\\eloy\\Desktop\\tfg\\game-security-project\\gi\\Game_security_backend\\src\\app.js","statementMap":{"0":{"start":{"line":2,"column":16},"end":{"line":2,"column":34}},"1":{"start":{"line":4,"column":18},"end":{"line":4,"column":44}},"2":{"start":{"line":5,"column":13},"end":{"line":5,"column":28}},"3":{"start":{"line":6,"column":19},"end":{"line":6,"column":41}},"4":{"start":{"line":9,"column":16},"end":{"line":9,"column":48}},"5":{"start":{"line":10,"column":12},"end":{"line":10,"column":40}},"6":{"start":{"line":11,"column":13},"end":{"line":11,"column":42}},"7":{"start":{"line":13,"column":23},"end":{"line":13,"column":62}},"8":{"start":{"line":14,"column":28},"end":{"line":14,"column":72}},"9":{"start":{"line":15,"column":14},"end":{"line":15,"column":44}},"10":{"start":{"line":16,"column":14},"end":{"line":16,"column":44}},"11":{"start":{"line":17,"column":17},"end":{"line":17,"column":50}},"12":{"start":{"line":18,"column":16},"end":{"line":18,"column":48}},"13":{"start":{"line":19,"column":22},"end":{"line":19,"column":59}},"14":{"start":{"line":22,"column":19},"end":{"line":22,"column":49}},"15":{"start":{"line":24,"column":19},"end":{"line":24,"column":55}},"16":{"start":{"line":25,"column":20},"end":{"line":25,"column":51}},"17":{"start":{"line":26,"column":22},"end":{"line":26,"column":55}},"18":{"start":{"line":27,"column":18},"end":{"line":27,"column":47}},"19":{"start":{"line":29,"column":12},"end":{"line":29,"column":21}},"20":{"start":{"line":30,"column":13},"end":{"line":30,"column":37}},"21":{"start":{"line":32,"column":0},"end":{"line":32,"column":16}},"22":{"start":{"line":33,"column":0},"end":{"line":33,"column":52}},"23":{"start":{"line":34,"column":0},"end":{"line":34,"column":27}},"24":{"start":{"line":38,"column":0},"end":{"line":38,"column":34}},"25":{"start":{"line":39,"column":0},"end":{"line":39,"column":28}},"26":{"start":{"line":40,"column":0},"end":{"line":40,"column":27}},"27":{"start":{"line":41,"column":0},"end":{"line":41,"column":35}},"28":{"start":{"line":42,"column":0},"end":{"line":42,"column":37}},"29":{"start":{"line":45,"column":0},"end":{"line":50,"column":5}},"30":{"start":{"line":49,"column":4},"end":{"line":49,"column":56}},"31":{"start":{"line":53,"column":0},"end":{"line":53,"column":21}}},"fnMap":{"0":{"name":"(anonymous_0)","decl":{"start":{"line":46,"column":8},"end":{"line":46,"column":9}},"loc":{"start":{"line":46,"column":14},"end":{"line":47,"column":3}},"line":46},"1":{"name":"(anonymous_1)","decl":{"start":{"line":48,"column":9},"end":{"line":48,"column":10}},"loc":{"start":{"line":48,"column":16},"end":{"line":50,"column":3}},"line":48}},"branchMap":{"0":{"loc":{"start":{"line":30,"column":13},"end":{"line":30,"column":37}},"type":"binary-expr","locations":[{"start":{"line":30,"column":13},"end":{"line":30,"column":29}},{"start":{"line":30,"column":33},"end":{"line":30,"column":37}}],"line":30}},"s":{"0":1,"1":1,"2":1,"3":1,"4":1,"5":1,"6":1,"7":1,"8":1,"9":1,"10":1,"11":1,"12":1,"13":1,"14":1,"15":1,"16":1,"17":1,"18":1,"19":1,"20":1,"21":1,"22":1,"23":1,"24":1,"25":1,"26":1,"27":1,"28":1,"29":1,"30":0,"31":1},"f":{"0":0,"1":0},"b":{"0":[1,1]},"_coverageSchema":"1a1c01bbd47fc00a2c39e90264f33305004495a9","hash":"3026d37bd2cda91e205d618ed308c8f35944bbdd"}
,"C:\\Users\\eloy\\Desktop\\tfg\\game-security-project\\gi\\Game_security_backend\\src\\config\\config.js": {"path":"C:\\Users\\eloy\\Desktop\\tfg\\game-security-project\\gi\\Game_security_backend\\src\\config\\config.js","statementMap":{"0":{"start":{"line":1,"column":22},"end":{"line":1,"column":42}},"1":{"start":{"line":2,"column":0},"end":{"line":2,"column":85}},"2":{"start":{"line":4,"column":18},"end":{"line":7,"column":2}},"3":{"start":{"line":9,"column":0},"end":{"line":9,"column":27}}},"fnMap":{},"branchMap":{},"s":{"0":8,"1":8,"2":8,"3":8},"f":{},"b":{},"_coverageSchema":"1a1c01bbd47fc00a2c39e90264f33305004495a9","hash":"54c86a7748e6b864bcc5052b6299ac05980ab82d"}
,"C:\\Users\\eloy\\Desktop\\tfg\\game-security-project\\gi\\Game_security_backend\\src\\controllers\\adminController.js": {"path":"C:\\Users\\eloy\\Desktop\\tfg\\game-security-project\\gi\\Game_security_backend\\src\\controllers\\adminController.js","statementMap":{"0":{"start":{"line":1,"column":12},"end":{"line":1,"column":35}},"1":{"start":{"line":3,"column":16},"end":{"line":3,"column":49}},"2":{"start":{"line":6,"column":20},"end":{"line":22,"column":1}},"3":{"start":{"line":7,"column":2},"end":{"line":21,"column":3}},"4":{"start":{"line":8,"column":18},"end":{"line":8,"column":58}},"5":{"start":{"line":9,"column":4},"end":{"line":9,"column":79}},"6":{"start":{"line":9,"column":16},"end":{"line":9,"column":79}},"7":{"start":{"line":11,"column":20},"end":{"line":11,"column":61}},"8":{"start":{"line":12,"column":27},"end":{"line":12,"column":87}},"9":{"start":{"line":14,"column":4},"end":{"line":16,"column":5}},"10":{"start":{"line":15,"column":6},"end":{"line":15,"column":74}},"11":{"start":{"line":18,"column":4},"end":{"line":18,"column":11}},"12":{"start":{"line":20,"column":4},"end":{"line":20,"column":53}},"13":{"start":{"line":25,"column":0},"end":{"line":60,"column":2}},"14":{"start":{"line":28,"column":4},"end":{"line":58,"column":5}},"15":{"start":{"line":29,"column":62},"end":{"line":29,"column":70}},"16":{"start":{"line":31,"column":6},"end":{"line":33,"column":7}},"17":{"start":{"line":32,"column":8},"end":{"line":32,"column":73}},"18":{"start":{"line":36,"column":26},"end":{"line":36,"column":28}},"19":{"start":{"line":37,"column":6},"end":{"line":37,"column":73}},"20":{"start":{"line":37,"column":27},"end":{"line":37,"column":73}},"21":{"start":{"line":38,"column":6},"end":{"line":38,"column":70}},"22":{"start":{"line":38,"column":26},"end":{"line":38,"column":70}},"23":{"start":{"line":40,"column":6},"end":{"line":42,"column":7}},"24":{"start":{"line":41,"column":8},"end":{"line":41,"column":73}},"25":{"start":{"line":44,"column":6},"end":{"line":44,"column":79}},"26":{"start":{"line":45,"column":26},"end":{"line":45,"column":86}},"27":{"start":{"line":47,"column":6},"end":{"line":55,"column":9}},"28":{"start":{"line":57,"column":6},"end":{"line":57,"column":55}},"29":{"start":{"line":62,"column":0},"end":{"line":84,"column":2}},"30":{"start":{"line":65,"column":4},"end":{"line":82,"column":5}},"31":{"start":{"line":66,"column":29},"end":{"line":66,"column":39}},"32":{"start":{"line":68,"column":6},"end":{"line":70,"column":7}},"33":{"start":{"line":69,"column":8},"end":{"line":69,"column":73}},"34":{"start":{"line":73,"column":6},"end":{"line":75,"column":7}},"35":{"start":{"line":74,"column":8},"end":{"line":74,"column":90}},"36":{"start":{"line":77,"column":6},"end":{"line":77,"column":67}},"37":{"start":{"line":79,"column":6},"end":{"line":79,"column":70}},"38":{"start":{"line":81,"column":6},"end":{"line":81,"column":55}},"39":{"start":{"line":87,"column":0},"end":{"line":99,"column":2}},"40":{"start":{"line":90,"column":4},"end":{"line":97,"column":5}},"41":{"start":{"line":91,"column":20},"end":{"line":93,"column":8}},"42":{"start":{"line":94,"column":6},"end":{"line":94,"column":34}},"43":{"start":{"line":96,"column":6},"end":{"line":96,"column":55}},"44":{"start":{"line":102,"column":0},"end":{"line":126,"column":4}},"45":{"start":{"line":105,"column":6},"end":{"line":124,"column":7}},"46":{"start":{"line":106,"column":31},"end":{"line":106,"column":41}},"47":{"start":{"line":108,"column":8},"end":{"line":110,"column":9}},"48":{"start":{"line":109,"column":10},"end":{"line":109,"column":75}},"49":{"start":{"line":112,"column":21},"end":{"line":115,"column":10}},"50":{"start":{"line":117,"column":8},"end":{"line":119,"column":9}},"51":{"start":{"line":118,"column":10},"end":{"line":118,"column":70}},"52":{"start":{"line":121,"column":8},"end":{"line":121,"column":35}},"53":{"start":{"line":123,"column":8},"end":{"line":123,"column":57}}},"fnMap":{"0":{"name":"(anonymous_0)","decl":{"start":{"line":6,"column":20},"end":{"line":6,"column":21}},"loc":{"start":{"line":6,"column":46},"end":{"line":22,"column":1}},"line":6},"1":{"name":"(anonymous_1)","decl":{"start":{"line":27,"column":2},"end":{"line":27,"column":3}},"loc":{"start":{"line":27,"column":22},"end":{"line":59,"column":3}},"line":27},"2":{"name":"(anonymous_2)","decl":{"start":{"line":64,"column":2},"end":{"line":64,"column":3}},"loc":{"start":{"line":64,"column":22},"end":{"line":83,"column":3}},"line":64},"3":{"name":"(anonymous_3)","decl":{"start":{"line":89,"column":2},"end":{"line":89,"column":3}},"loc":{"start":{"line":89,"column":22},"end":{"line":98,"column":3}},"line":89},"4":{"name":"(anonymous_4)","decl":{"start":{"line":104,"column":4},"end":{"line":104,"column":5}},"loc":{"start":{"line":104,"column":24},"end":{"line":125,"column":5}},"line":104}},"branchMap":{"0":{"loc":{"start":{"line":9,"column":4},"end":{"line":9,"column":79}},"type":"if","locations":[{"start":{"line":9,"column":4},"end":{"line":9,"column":79}},{"start":{},"end":{}}],"line":9},"1":{"loc":{"start":{"line":14,"column":4},"end":{"line":16,"column":5}},"type":"if","locations":[{"start":{"line":14,"column":4},"end":{"line":16,"column":5}},{"start":{},"end":{}}],"line":14},"2":{"loc":{"start":{"line":14,"column":8},"end":{"line":14,"column":54}},"type":"binary-expr","locations":[{"start":{"line":14,"column":8},"end":{"line":14,"column":23}},{"start":{"line":14,"column":27},"end":{"line":14,"column":54}}],"line":14},"3":{"loc":{"start":{"line":31,"column":6},"end":{"line":33,"column":7}},"type":"if","locations":[{"start":{"line":31,"column":6},"end":{"line":33,"column":7}},{"start":{},"end":{}}],"line":31},"4":{"loc":{"start":{"line":37,"column":6},"end":{"line":37,"column":73}},"type":"if","locations":[{"start":{"line":37,"column":6},"end":{"line":37,"column":73}},{"start":{},"end":{}}],"line":37},"5":{"loc":{"start":{"line":38,"column":6},"end":{"line":38,"column":70}},"type":"if","locations":[{"start":{"line":38,"column":6},"end":{"line":38,"column":70}},{"start":{},"end":{}}],"line":38},"6":{"loc":{"start":{"line":40,"column":6},"end":{"line":42,"column":7}},"type":"if","locations":[{"start":{"line":40,"column":6},"end":{"line":42,"column":7}},{"start":{},"end":{}}],"line":40},"7":{"loc":{"start":{"line":68,"column":6},"end":{"line":70,"column":7}},"type":"if","locations":[{"start":{"line":68,"column":6},"end":{"line":70,"column":7}},{"start":{},"end":{}}],"line":68},"8":{"loc":{"start":{"line":73,"column":6},"end":{"line":75,"column":7}},"type":"if","locations":[{"start":{"line":73,"column":6},"end":{"line":75,"column":7}},{"start":{},"end":{}}],"line":73},"9":{"loc":{"start":{"line":108,"column":8},"end":{"line":110,"column":9}},"type":"if","locations":[{"start":{"line":108,"column":8},"end":{"line":110,"column":9}},{"start":{},"end":{}}],"line":108},"10":{"loc":{"start":{"line":117,"column":8},"end":{"line":119,"column":9}},"type":"if","locations":[{"start":{"line":117,"column":8},"end":{"line":119,"column":9}},{"start":{},"end":{}}],"line":117}},"s":{"0":1,"1":1,"2":1,"3":9,"4":9,"5":9,"6":1,"7":8,"8":8,"9":8,"10":1,"11":7,"12":0,"13":1,"14":2,"15":2,"16":2,"17":0,"18":2,"19":2,"20":1,"21":2,"22":1,"23":2,"24":1,"25":1,"26":1,"27":1,"28":0,"29":1,"30":2,"31":2,"32":2,"33":0,"34":2,"35":1,"36":1,"37":1,"38":0,"39":1,"40":1,"41":1,"42":1,"43":0,"44":1,"45":2,"46":2,"47":2,"48":0,"49":2,"50":2,"51":1,"52":1,"53":0},"f":{"0":9,"1":2,"2":2,"3":1,"4":2},"b":{"0":[1,8],"1":[1,7],"2":[8,8],"3":[0,2],"4":[1,1],"5":[1,1],"6":[1,1],"7":[0,2],"8":[1,1],"9":[0,2],"10":[1,1]},"_coverageSchema":"1a1c01bbd47fc00a2c39e90264f33305004495a9","hash":"97ce02c1287679fd486b43efe0980f4a6ca5ac7c"}
,"C:\\Users\\eloy\\Desktop\\tfg\\game-security-project\\gi\\Game_security_backend\\src\\controllers\\admindesafioController.js": {"path":"C:\\Users\\eloy\\Desktop\\tfg\\game-security-project\\gi\\Game_security_backend\\src\\controllers\\admindesafioController.js","statementMap":{"0":{"start":{"line":2,"column":12},"end":{"line":2,"column":35}},"1":{"start":{"line":3,"column":16},"end":{"line":3,"column":49}},"2":{"start":{"line":4,"column":13},"end":{"line":4,"column":43}},"3":{"start":{"line":5,"column":14},"end":{"line":5,"column":45}},"4":{"start":{"line":6,"column":16},"end":{"line":6,"column":49}},"5":{"start":{"line":7,"column":23},"end":{"line":7,"column":63}},"6":{"start":{"line":8,"column":28},"end":{"line":8,"column":73}},"7":{"start":{"line":11,"column":20},"end":{"line":27,"column":1}},"8":{"start":{"line":12,"column":2},"end":{"line":26,"column":3}},"9":{"start":{"line":13,"column":18},"end":{"line":13,"column":58}},"10":{"start":{"line":14,"column":4},"end":{"line":14,"column":79}},"11":{"start":{"line":14,"column":16},"end":{"line":14,"column":79}},"12":{"start":{"line":16,"column":20},"end":{"line":16,"column":61}},"13":{"start":{"line":17,"column":27},"end":{"line":17,"column":87}},"14":{"start":{"line":19,"column":4},"end":{"line":21,"column":5}},"15":{"start":{"line":20,"column":6},"end":{"line":20,"column":74}},"16":{"start":{"line":23,"column":4},"end":{"line":23,"column":11}},"17":{"start":{"line":25,"column":4},"end":{"line":25,"column":53}},"18":{"start":{"line":30,"column":0},"end":{"line":88,"column":2}},"19":{"start":{"line":33,"column":4},"end":{"line":86,"column":5}},"20":{"start":{"line":34,"column":130},"end":{"line":34,"column":138}},"21":{"start":{"line":36,"column":6},"end":{"line":38,"column":7}},"22":{"start":{"line":37,"column":8},"end":{"line":37,"column":77}},"23":{"start":{"line":40,"column":25},"end":{"line":45,"column":8}},"24":{"start":{"line":47,"column":6},"end":{"line":54,"column":7}},"25":{"start":{"line":48,"column":8},"end":{"line":53,"column":12}},"26":{"start":{"line":49,"column":10},"end":{"line":52,"column":13}},"27":{"start":{"line":56,"column":6},"end":{"line":63,"column":7}},"28":{"start":{"line":57,"column":8},"end":{"line":62,"column":12}},"29":{"start":{"line":58,"column":10},"end":{"line":61,"column":13}},"30":{"start":{"line":65,"column":6},"end":{"line":72,"column":7}},"31":{"start":{"line":66,"column":8},"end":{"line":71,"column":12}},"32":{"start":{"line":67,"column":10},"end":{"line":70,"column":13}},"33":{"start":{"line":74,"column":6},"end":{"line":83,"column":9}},"34":{"start":{"line":85,"column":6},"end":{"line":85,"column":55}},"35":{"start":{"line":90,"column":0},"end":{"line":171,"column":2}},"36":{"start":{"line":93,"column":4},"end":{"line":169,"column":5}},"37":{"start":{"line":94,"column":142},"end":{"line":94,"column":150}},"38":{"start":{"line":96,"column":6},"end":{"line":98,"column":7}},"39":{"start":{"line":97,"column":8},"end":{"line":97,"column":78}},"40":{"start":{"line":100,"column":26},"end":{"line":100,"column":28}},"41":{"start":{"line":101,"column":6},"end":{"line":101,"column":85}},"42":{"start":{"line":101,"column":31},"end":{"line":101,"column":85}},"43":{"start":{"line":102,"column":6},"end":{"line":102,"column":76}},"44":{"start":{"line":102,"column":28},"end":{"line":102,"column":76}},"45":{"start":{"line":103,"column":6},"end":{"line":103,"column":76}},"46":{"start":{"line":103,"column":28},"end":{"line":103,"column":76}},"47":{"start":{"line":104,"column":6},"end":{"line":104,"column":49}},"48":{"start":{"line":104,"column":19},"end":{"line":104,"column":49}},"49":{"start":{"line":106,"column":6},"end":{"line":108,"column":7}},"50":{"start":{"line":107,"column":8},"end":{"line":107,"column":73}},"51":{"start":{"line":110,"column":6},"end":{"line":110,"column":79}},"52":{"start":{"line":112,"column":6},"end":{"line":122,"column":7}},"53":{"start":{"line":114,"column":8},"end":{"line":114,"column":67}},"54":{"start":{"line":116,"column":8},"end":{"line":121,"column":12}},"55":{"start":{"line":117,"column":10},"end":{"line":120,"column":13}},"56":{"start":{"line":124,"column":6},"end":{"line":134,"column":7}},"57":{"start":{"line":126,"column":8},"end":{"line":126,"column":76}},"58":{"start":{"line":128,"column":8},"end":{"line":133,"column":12}},"59":{"start":{"line":129,"column":10},"end":{"line":132,"column":13}},"60":{"start":{"line":136,"column":6},"end":{"line":146,"column":7}},"61":{"start":{"line":138,"column":8},"end":{"line":138,"column":81}},"62":{"start":{"line":140,"column":8},"end":{"line":145,"column":12}},"63":{"start":{"line":141,"column":10},"end":{"line":144,"column":13}},"64":{"start":{"line":148,"column":29},"end":{"line":155,"column":8}},"65":{"start":{"line":157,"column":6},"end":{"line":166,"column":9}},"66":{"start":{"line":168,"column":6},"end":{"line":168,"column":55}},"67":{"start":{"line":173,"column":0},"end":{"line":193,"column":2}},"68":{"start":{"line":176,"column":4},"end":{"line":191,"column":5}},"69":{"start":{"line":177,"column":29},"end":{"line":177,"column":39}},"70":{"start":{"line":179,"column":6},"end":{"line":181,"column":7}},"71":{"start":{"line":180,"column":8},"end":{"line":180,"column":78}},"72":{"start":{"line":183,"column":6},"end":{"line":183,"column":74}},"73":{"start":{"line":184,"column":6},"end":{"line":184,"column":79}},"74":{"start":{"line":185,"column":6},"end":{"line":185,"column":65}},"75":{"start":{"line":186,"column":6},"end":{"line":186,"column":67}},"76":{"start":{"line":188,"column":6},"end":{"line":188,"column":75}},"77":{"start":{"line":190,"column":6},"end":{"line":190,"column":55}},"78":{"start":{"line":196,"column":0},"end":{"line":222,"column":2}},"79":{"start":{"line":199,"column":4},"end":{"line":220,"column":5}},"80":{"start":{"line":200,"column":23},"end":{"line":216,"column":8}},"81":{"start":{"line":217,"column":6},"end":{"line":217,"column":37}},"82":{"start":{"line":219,"column":6},"end":{"line":219,"column":55}},"83":{"start":{"line":225,"column":0},"end":{"line":254,"column":2}},"84":{"start":{"line":228,"column":4},"end":{"line":252,"column":5}},"85":{"start":{"line":229,"column":29},"end":{"line":229,"column":39}},"86":{"start":{"line":231,"column":6},"end":{"line":233,"column":7}},"87":{"start":{"line":232,"column":8},"end":{"line":232,"column":78}},"88":{"start":{"line":235,"column":22},"end":{"line":243,"column":8}},"89":{"start":{"line":245,"column":6},"end":{"line":247,"column":7}},"90":{"start":{"line":246,"column":8},"end":{"line":246,"column":73}},"91":{"start":{"line":249,"column":6},"end":{"line":249,"column":36}},"92":{"start":{"line":251,"column":6},"end":{"line":251,"column":55}},"93":{"start":{"line":257,"column":0},"end":{"line":269,"column":2}},"94":{"start":{"line":260,"column":4},"end":{"line":267,"column":5}},"95":{"start":{"line":261,"column":20},"end":{"line":263,"column":8}},"96":{"start":{"line":264,"column":6},"end":{"line":264,"column":34}},"97":{"start":{"line":266,"column":6},"end":{"line":266,"column":55}}},"fnMap":{"0":{"name":"(anonymous_0)","decl":{"start":{"line":11,"column":20},"end":{"line":11,"column":21}},"loc":{"start":{"line":11,"column":46},"end":{"line":27,"column":1}},"line":11},"1":{"name":"(anonymous_1)","decl":{"start":{"line":32,"column":2},"end":{"line":32,"column":3}},"loc":{"start":{"line":32,"column":22},"end":{"line":87,"column":3}},"line":32},"2":{"name":"(anonymous_2)","decl":{"start":{"line":48,"column":37},"end":{"line":48,"column":38}},"loc":{"start":{"line":48,"column":54},"end":{"line":53,"column":9}},"line":48},"3":{"name":"(anonymous_3)","decl":{"start":{"line":57,"column":46},"end":{"line":57,"column":47}},"loc":{"start":{"line":57,"column":61},"end":{"line":62,"column":9}},"line":57},"4":{"name":"(anonymous_4)","decl":{"start":{"line":66,"column":51},"end":{"line":66,"column":52}},"loc":{"start":{"line":66,"column":66},"end":{"line":71,"column":9}},"line":66},"5":{"name":"(anonymous_5)","decl":{"start":{"line":92,"column":2},"end":{"line":92,"column":3}},"loc":{"start":{"line":92,"column":22},"end":{"line":170,"column":3}},"line":92},"6":{"name":"(anonymous_6)","decl":{"start":{"line":116,"column":37},"end":{"line":116,"column":38}},"loc":{"start":{"line":116,"column":54},"end":{"line":121,"column":9}},"line":116},"7":{"name":"(anonymous_7)","decl":{"start":{"line":128,"column":46},"end":{"line":128,"column":47}},"loc":{"start":{"line":128,"column":61},"end":{"line":133,"column":9}},"line":128},"8":{"name":"(anonymous_8)","decl":{"start":{"line":140,"column":51},"end":{"line":140,"column":52}},"loc":{"start":{"line":140,"column":66},"end":{"line":145,"column":9}},"line":140},"9":{"name":"(anonymous_9)","decl":{"start":{"line":175,"column":2},"end":{"line":175,"column":3}},"loc":{"start":{"line":175,"column":22},"end":{"line":192,"column":3}},"line":175},"10":{"name":"(anonymous_10)","decl":{"start":{"line":198,"column":2},"end":{"line":198,"column":3}},"loc":{"start":{"line":198,"column":22},"end":{"line":221,"column":3}},"line":198},"11":{"name":"(anonymous_11)","decl":{"start":{"line":227,"column":2},"end":{"line":227,"column":3}},"loc":{"start":{"line":227,"column":22},"end":{"line":253,"column":3}},"line":227},"12":{"name":"(anonymous_12)","decl":{"start":{"line":259,"column":2},"end":{"line":259,"column":3}},"loc":{"start":{"line":259,"column":22},"end":{"line":268,"column":3}},"line":259}},"branchMap":{"0":{"loc":{"start":{"line":14,"column":4},"end":{"line":14,"column":79}},"type":"if","locations":[{"start":{"line":14,"column":4},"end":{"line":14,"column":79}},{"start":{},"end":{}}],"line":14},"1":{"loc":{"start":{"line":19,"column":4},"end":{"line":21,"column":5}},"type":"if","locations":[{"start":{"line":19,"column":4},"end":{"line":21,"column":5}},{"start":{},"end":{}}],"line":19},"2":{"loc":{"start":{"line":19,"column":8},"end":{"line":19,"column":54}},"type":"binary-expr","locations":[{"start":{"line":19,"column":8},"end":{"line":19,"column":23}},{"start":{"line":19,"column":27},"end":{"line":19,"column":54}}],"line":19},"3":{"loc":{"start":{"line":36,"column":6},"end":{"line":38,"column":7}},"type":"if","locations":[{"start":{"line":36,"column":6},"end":{"line":38,"column":7}},{"start":{},"end":{}}],"line":36},"4":{"loc":{"start":{"line":36,"column":10},"end":{"line":36,"column":84}},"type":"binary-expr","locations":[{"start":{"line":36,"column":10},"end":{"line":36,"column":30}},{"start":{"line":36,"column":34},"end":{"line":36,"column":51}},{"start":{"line":36,"column":55},"end":{"line":36,"column":72}},{"start":{"line":36,"column":76},"end":{"line":36,"column":84}}],"line":36},"5":{"loc":{"start":{"line":47,"column":6},"end":{"line":54,"column":7}},"type":"if","locations":[{"start":{"line":47,"column":6},"end":{"line":54,"column":7}},{"start":{},"end":{}}],"line":47},"6":{"loc":{"start":{"line":47,"column":10},"end":{"line":47,"column":41}},"type":"binary-expr","locations":[{"start":{"line":47,"column":10},"end":{"line":47,"column":16}},{"start":{"line":47,"column":20},"end":{"line":47,"column":41}}],"line":47},"7":{"loc":{"start":{"line":56,"column":6},"end":{"line":63,"column":7}},"type":"if","locations":[{"start":{"line":56,"column":6},"end":{"line":63,"column":7}},{"start":{},"end":{}}],"line":56},"8":{"loc":{"start":{"line":56,"column":10},"end":{"line":56,"column":59}},"type":"binary-expr","locations":[{"start":{"line":56,"column":10},"end":{"line":56,"column":25}},{"start":{"line":56,"column":29},"end":{"line":56,"column":59}}],"line":56},"9":{"loc":{"start":{"line":65,"column":6},"end":{"line":72,"column":7}},"type":"if","locations":[{"start":{"line":65,"column":6},"end":{"line":72,"column":7}},{"start":{},"end":{}}],"line":65},"10":{"loc":{"start":{"line":65,"column":10},"end":{"line":65,"column":69}},"type":"binary-expr","locations":[{"start":{"line":65,"column":10},"end":{"line":65,"column":30}},{"start":{"line":65,"column":34},"end":{"line":65,"column":69}}],"line":65},"11":{"loc":{"start":{"line":96,"column":6},"end":{"line":98,"column":7}},"type":"if","locations":[{"start":{"line":96,"column":6},"end":{"line":98,"column":7}},{"start":{},"end":{}}],"line":96},"12":{"loc":{"start":{"line":101,"column":6},"end":{"line":101,"column":85}},"type":"if","locations":[{"start":{"line":101,"column":6},"end":{"line":101,"column":85}},{"start":{},"end":{}}],"line":101},"13":{"loc":{"start":{"line":102,"column":6},"end":{"line":102,"column":76}},"type":"if","locations":[{"start":{"line":102,"column":6},"end":{"line":102,"column":76}},{"start":{},"end":{}}],"line":102},"14":{"loc":{"start":{"line":103,"column":6},"end":{"line":103,"column":76}},"type":"if","locations":[{"start":{"line":103,"column":6},"end":{"line":103,"column":76}},{"start":{},"end":{}}],"line":103},"15":{"loc":{"start":{"line":104,"column":6},"end":{"line":104,"column":49}},"type":"if","locations":[{"start":{"line":104,"column":6},"end":{"line":104,"column":49}},{"start":{},"end":{}}],"line":104},"16":{"loc":{"start":{"line":106,"column":6},"end":{"line":108,"column":7}},"type":"if","locations":[{"start":{"line":106,"column":6},"end":{"line":108,"column":7}},{"start":{},"end":{}}],"line":106},"17":{"loc":{"start":{"line":112,"column":6},"end":{"line":122,"column":7}},"type":"if","locations":[{"start":{"line":112,"column":6},"end":{"line":122,"column":7}},{"start":{},"end":{}}],"line":112},"18":{"loc":{"start":{"line":112,"column":10},"end":{"line":112,"column":41}},"type":"binary-expr","locations":[{"start":{"line":112,"column":10},"end":{"line":112,"column":16}},{"start":{"line":112,"column":20},"end":{"line":112,"column":41}}],"line":112},"19":{"loc":{"start":{"line":124,"column":6},"end":{"line":134,"column":7}},"type":"if","locations":[{"start":{"line":124,"column":6},"end":{"line":134,"column":7}},{"start":{},"end":{}}],"line":124},"20":{"loc":{"start":{"line":124,"column":10},"end":{"line":124,"column":59}},"type":"binary-expr","locations":[{"start":{"line":124,"column":10},"end":{"line":124,"column":25}},{"start":{"line":124,"column":29},"end":{"line":124,"column":59}}],"line":124},"21":{"loc":{"start":{"line":136,"column":6},"end":{"line":146,"column":7}},"type":"if","locations":[{"start":{"line":136,"column":6},"end":{"line":146,"column":7}},{"start":{},"end":{}}],"line":136},"22":{"loc":{"start":{"line":136,"column":10},"end":{"line":136,"column":69}},"type":"binary-expr","locations":[{"start":{"line":136,"column":10},"end":{"line":136,"column":30}},{"start":{"line":136,"column":34},"end":{"line":136,"column":69}}],"line":136},"23":{"loc":{"start":{"line":179,"column":6},"end":{"line":181,"column":7}},"type":"if","locations":[{"start":{"line":179,"column":6},"end":{"line":181,"column":7}},{"start":{},"end":{}}],"line":179},"24":{"loc":{"start":{"line":231,"column":6},"end":{"line":233,"column":7}},"type":"if","locations":[{"start":{"line":231,"column":6},"end":{"line":233,"column":7}},{"start":{},"end":{}}],"line":231},"25":{"loc":{"start":{"line":245,"column":6},"end":{"line":247,"column":7}},"type":"if","locations":[{"start":{"line":245,"column":6},"end":{"line":247,"column":7}},{"start":{},"end":{}}],"line":245}},"s":{"0":1,"1":1,"2":1,"3":1,"4":1,"5":1,"6":1,"7":1,"8":0,"9":0,"10":0,"11":0,"12":0,"13":0,"14":0,"15":0,"16":0,"17":0,"18":1,"19":0,"20":0,"21":0,"22":0,"23":0,"24":0,"25":0,"26":0,"27":0,"28":0,"29":0,"30":0,"31":0,"32":0,"33":0,"34":0,"35":1,"36":0,"37":0,"38":0,"39":0,"40":0,"41":0,"42":0,"43":0,"44":0,"45":0,"46":0,"47":0,"48":0,"49":0,"50":0,"51":0,"52":0,"53":0,"54":0,"55":0,"56":0,"57":0,"58":0,"59":0,"60":0,"61":0,"62":0,"63":0,"64":0,"65":0,"66":0,"67":1,"68":0,"69":0,"70":0,"71":0,"72":0,"73":0,"74":0,"75":0,"76":0,"77":0,"78":1,"79":0,"80":0,"81":0,"82":0,"83":1,"84":0,"85":0,"86":0,"87":0,"88":0,"89":0,"90":0,"91":0,"92":0,"93":1,"94":0,"95":0,"96":0,"97":0},"f":{"0":0,"1":0,"2":0,"3":0,"4":0,"5":0,"6":0,"7":0,"8":0,"9":0,"10":0,"11":0,"12":0},"b":{"0":[0,0],"1":[0,0],"2":[0,0],"3":[0,0],"4":[0,0,0,0],"5":[0,0],"6":[0,0],"7":[0,0],"8":[0,0],"9":[0,0],"10":[0,0],"11":[0,0],"12":[0,0],"13":[0,0],"14":[0,0],"15":[0,0],"16":[0,0],"17":[0,0],"18":[0,0],"19":[0,0],"20":[0,0],"21":[0,0],"22":[0,0],"23":[0,0],"24":[0,0],"25":[0,0]},"_coverageSchema":"1a1c01bbd47fc00a2c39e90264f33305004495a9","hash":"a93a0c550c4ed45adde0ab9da901e33df6abd95a"}
,"C:\\Users\\eloy\\Desktop\\tfg\\game-security-project\\gi\\Game_security_backend\\src\\controllers\\authController.js": {"path":"C:\\Users\\eloy\\Desktop\\tfg\\game-security-project\\gi\\Game_security_backend\\src\\controllers\\authController.js","statementMap":{"0":{"start":{"line":1,"column":12},"end":{"line":1,"column":35}},"1":{"start":{"line":2,"column":15},"end":{"line":2,"column":34}},"2":{"start":{"line":3,"column":16},"end":{"line":3,"column":49}},"3":{"start":{"line":5,"column":0},"end":{"line":42,"column":2}},"4":{"start":{"line":6,"column":2},"end":{"line":41,"column":3}},"5":{"start":{"line":7,"column":106},"end":{"line":7,"column":114}},"6":{"start":{"line":9,"column":25},"end":{"line":9,"column":81}},"7":{"start":{"line":10,"column":4},"end":{"line":12,"column":5}},"8":{"start":{"line":11,"column":6},"end":{"line":11,"column":84}},"9":{"start":{"line":14,"column":17},"end":{"line":14,"column":39}},"10":{"start":{"line":15,"column":27},"end":{"line":15,"column":60}},"11":{"start":{"line":17,"column":17},"end":{"line":24,"column":6}},"12":{"start":{"line":26,"column":18},"end":{"line":26,"column":97}},"13":{"start":{"line":28,"column":4},"end":{"line":38,"column":7}},"14":{"start":{"line":40,"column":4},"end":{"line":40,"column":53}},"15":{"start":{"line":44,"column":0},"end":{"line":93,"column":2}},"16":{"start":{"line":45,"column":2},"end":{"line":92,"column":3}},"17":{"start":{"line":46,"column":101},"end":{"line":46,"column":109}},"18":{"start":{"line":48,"column":4},"end":{"line":50,"column":5}},"19":{"start":{"line":49,"column":6},"end":{"line":49,"column":71}},"20":{"start":{"line":52,"column":18},"end":{"line":52,"column":57}},"21":{"start":{"line":53,"column":20},"end":{"line":53,"column":61}},"22":{"start":{"line":54,"column":4},"end":{"line":56,"column":5}},"23":{"start":{"line":55,"column":6},"end":{"line":55,"column":94}},"24":{"start":{"line":58,"column":17},"end":{"line":58,"column":69}},"25":{"start":{"line":60,"column":4},"end":{"line":62,"column":5}},"26":{"start":{"line":61,"column":6},"end":{"line":61,"column":78}},"27":{"start":{"line":64,"column":24},"end":{"line":64,"column":26}},"28":{"start":{"line":65,"column":4},"end":{"line":65,"column":71}},"29":{"start":{"line":65,"column":25},"end":{"line":65,"column":71}},"30":{"start":{"line":66,"column":4},"end":{"line":66,"column":68}},"31":{"start":{"line":66,"column":24},"end":{"line":66,"column":68}},"32":{"start":{"line":67,"column":4},"end":{"line":67,"column":80}},"33":{"start":{"line":67,"column":28},"end":{"line":67,"column":80}},"34":{"start":{"line":68,"column":4},"end":{"line":71,"column":5}},"35":{"start":{"line":69,"column":19},"end":{"line":69,"column":41}},"36":{"start":{"line":70,"column":6},"end":{"line":70,"column":65}},"37":{"start":{"line":73,"column":4},"end":{"line":73,"column":69}},"38":{"start":{"line":75,"column":24},"end":{"line":75,"column":76}},"39":{"start":{"line":77,"column":21},"end":{"line":77,"column":107}},"40":{"start":{"line":79,"column":4},"end":{"line":89,"column":7}},"41":{"start":{"line":91,"column":4},"end":{"line":91,"column":53}},"42":{"start":{"line":95,"column":0},"end":{"line":121,"column":2}},"43":{"start":{"line":96,"column":2},"end":{"line":120,"column":3}},"44":{"start":{"line":97,"column":47},"end":{"line":97,"column":55}},"45":{"start":{"line":99,"column":17},"end":{"line":99,"column":73}},"46":{"start":{"line":101,"column":4},"end":{"line":103,"column":5}},"47":{"start":{"line":102,"column":6},"end":{"line":102,"column":121}},"48":{"start":{"line":105,"column":18},"end":{"line":105,"column":97}},"49":{"start":{"line":107,"column":4},"end":{"line":117,"column":7}},"50":{"start":{"line":119,"column":4},"end":{"line":119,"column":53}}},"fnMap":{"0":{"name":"(anonymous_0)","decl":{"start":{"line":5,"column":19},"end":{"line":5,"column":20}},"loc":{"start":{"line":5,"column":39},"end":{"line":42,"column":1}},"line":5},"1":{"name":"(anonymous_1)","decl":{"start":{"line":44,"column":17},"end":{"line":44,"column":18}},"loc":{"start":{"line":44,"column":37},"end":{"line":93,"column":1}},"line":44},"2":{"name":"(anonymous_2)","decl":{"start":{"line":95,"column":16},"end":{"line":95,"column":17}},"loc":{"start":{"line":95,"column":36},"end":{"line":121,"column":1}},"line":95}},"branchMap":{"0":{"loc":{"start":{"line":10,"column":4},"end":{"line":12,"column":5}},"type":"if","locations":[{"start":{"line":10,"column":4},"end":{"line":12,"column":5}},{"start":{},"end":{}}],"line":10},"1":{"loc":{"start":{"line":48,"column":4},"end":{"line":50,"column":5}},"type":"if","locations":[{"start":{"line":48,"column":4},"end":{"line":50,"column":5}},{"start":{},"end":{}}],"line":48},"2":{"loc":{"start":{"line":54,"column":4},"end":{"line":56,"column":5}},"type":"if","locations":[{"start":{"line":54,"column":4},"end":{"line":56,"column":5}},{"start":{},"end":{}}],"line":54},"3":{"loc":{"start":{"line":60,"column":4},"end":{"line":62,"column":5}},"type":"if","locations":[{"start":{"line":60,"column":4},"end":{"line":62,"column":5}},{"start":{},"end":{}}],"line":60},"4":{"loc":{"start":{"line":65,"column":4},"end":{"line":65,"column":71}},"type":"if","locations":[{"start":{"line":65,"column":4},"end":{"line":65,"column":71}},{"start":{},"end":{}}],"line":65},"5":{"loc":{"start":{"line":66,"column":4},"end":{"line":66,"column":68}},"type":"if","locations":[{"start":{"line":66,"column":4},"end":{"line":66,"column":68}},{"start":{},"end":{}}],"line":66},"6":{"loc":{"start":{"line":67,"column":4},"end":{"line":67,"column":80}},"type":"if","locations":[{"start":{"line":67,"column":4},"end":{"line":67,"column":80}},{"start":{},"end":{}}],"line":67},"7":{"loc":{"start":{"line":68,"column":4},"end":{"line":71,"column":5}},"type":"if","locations":[{"start":{"line":68,"column":4},"end":{"line":71,"column":5}},{"start":{},"end":{}}],"line":68},"8":{"loc":{"start":{"line":101,"column":4},"end":{"line":103,"column":5}},"type":"if","locations":[{"start":{"line":101,"column":4},"end":{"line":103,"column":5}},{"start":{},"end":{}}],"line":101},"9":{"loc":{"start":{"line":101,"column":8},"end":{"line":101,"column":65}},"type":"binary-expr","locations":[{"start":{"line":101,"column":8},"end":{"line":101,"column":13}},{"start":{"line":101,"column":17},"end":{"line":101,"column":65}}],"line":101}},"s":{"0":2,"1":2,"2":2,"3":2,"4":2,"5":2,"6":2,"7":2,"8":1,"9":1,"10":1,"11":1,"12":1,"13":1,"14":0,"15":2,"16":2,"17":2,"18":2,"19":0,"20":2,"21":2,"22":2,"23":1,"24":1,"25":1,"26":1,"27":0,"28":0,"29":0,"30":0,"31":0,"32":0,"33":0,"34":0,"35":0,"36":0,"37":0,"38":0,"39":0,"40":0,"41":0,"42":2,"43":2,"44":2,"45":2,"46":2,"47":1,"48":1,"49":1,"50":0},"f":{"0":2,"1":2,"2":2},"b":{"0":[1,1],"1":[0,2],"2":[1,1],"3":[1,0],"4":[0,0],"5":[0,0],"6":[0,0],"7":[0,0],"8":[1,1],"9":[2,1]},"_coverageSchema":"1a1c01bbd47fc00a2c39e90264f33305004495a9","hash":"190bb929ce6b274d1306b41e70e85de0b412c016"}
,"C:\\Users\\eloy\\Desktop\\tfg\\game-security-project\\gi\\Game_security_backend\\src\\controllers\\desafioController.js": {"path":"C:\\Users\\eloy\\Desktop\\tfg\\game-security-project\\gi\\Game_security_backend\\src\\controllers\\desafioController.js","statementMap":{"0":{"start":{"line":2,"column":16},"end":{"line":2,"column":49}},"1":{"start":{"line":5,"column":14},"end":{"line":5,"column":45}},"2":{"start":{"line":7,"column":0},"end":{"line":25,"column":2}},"3":{"start":{"line":8,"column":2},"end":{"line":24,"column":3}},"4":{"start":{"line":9,"column":23},"end":{"line":9,"column":44}},"5":{"start":{"line":10,"column":20},"end":{"line":15,"column":6}},"6":{"start":{"line":17,"column":4},"end":{"line":19,"column":5}},"7":{"start":{"line":18,"column":6},"end":{"line":18,"column":68}},"8":{"start":{"line":21,"column":4},"end":{"line":21,"column":22}},"9":{"start":{"line":23,"column":4},"end":{"line":23,"column":85}}},"fnMap":{"0":{"name":"(anonymous_0)","decl":{"start":{"line":7,"column":25},"end":{"line":7,"column":26}},"loc":{"start":{"line":7,"column":45},"end":{"line":25,"column":1}},"line":7}},"branchMap":{"0":{"loc":{"start":{"line":17,"column":4},"end":{"line":19,"column":5}},"type":"if","locations":[{"start":{"line":17,"column":4},"end":{"line":19,"column":5}},{"start":{},"end":{}}],"line":17}},"s":{"0":2,"1":2,"2":2,"3":3,"4":3,"5":3,"6":2,"7":1,"8":1,"9":1},"f":{"0":3},"b":{"0":[1,1]},"_coverageSchema":"1a1c01bbd47fc00a2c39e90264f33305004495a9","hash":"4662a5c92db0ab22ca8abc0f0b6d94e0308b4f97"}
,"C:\\Users\\eloy\\Desktop\\tfg\\game-security-project\\gi\\Game_security_backend\\src\\controllers\\documentoayudaController.js": {"path":"C:\\Users\\eloy\\Desktop\\tfg\\game-security-project\\gi\\Game_security_backend\\src\\controllers\\documentoayudaController.js","statementMap":{"0":{"start":{"line":3,"column":23},"end":{"line":3,"column":63}},"1":{"start":{"line":4,"column":16},"end":{"line":4,"column":49}},"2":{"start":{"line":6,"column":33},"end":{"line":23,"column":1}},"3":{"start":{"line":7,"column":25},"end":{"line":7,"column":35}},"4":{"start":{"line":9,"column":2},"end":{"line":22,"column":3}},"5":{"start":{"line":10,"column":23},"end":{"line":12,"column":6}},"6":{"start":{"line":14,"column":4},"end":{"line":16,"column":5}},"7":{"start":{"line":15,"column":6},"end":{"line":15,"column":96}},"8":{"start":{"line":18,"column":4},"end":{"line":18,"column":25}},"9":{"start":{"line":20,"column":4},"end":{"line":20,"column":54}},"10":{"start":{"line":21,"column":4},"end":{"line":21,"column":72}},"11":{"start":{"line":25,"column":0},"end":{"line":27,"column":2}}},"fnMap":{"0":{"name":"(anonymous_0)","decl":{"start":{"line":6,"column":33},"end":{"line":6,"column":34}},"loc":{"start":{"line":6,"column":53},"end":{"line":23,"column":1}},"line":6}},"branchMap":{"0":{"loc":{"start":{"line":14,"column":4},"end":{"line":16,"column":5}},"type":"if","locations":[{"start":{"line":14,"column":4},"end":{"line":16,"column":5}},{"start":{},"end":{}}],"line":14},"1":{"loc":{"start":{"line":14,"column":8},"end":{"line":14,"column":46}},"type":"binary-expr","locations":[{"start":{"line":14,"column":8},"end":{"line":14,"column":19}},{"start":{"line":14,"column":23},"end":{"line":14,"column":46}}],"line":14}},"s":{"0":2,"1":2,"2":2,"3":3,"4":3,"5":3,"6":2,"7":1,"8":1,"9":1,"10":1,"11":2},"f":{"0":3},"b":{"0":[1,1],"1":[2,2]},"_coverageSchema":"1a1c01bbd47fc00a2c39e90264f33305004495a9","hash":"14c24a73059fb5376dbc4adc338cf958bca61e3f"}
,"C:\\Users\\eloy\\Desktop\\tfg\\game-security-project\\gi\\Game_security_backend\\src\\controllers\\documentoprevencionController.js": {"path":"C:\\Users\\eloy\\Desktop\\tfg\\game-security-project\\gi\\Game_security_backend\\src\\controllers\\documentoprevencionController.js","statementMap":{"0":{"start":{"line":3,"column":27},"end":{"line":3,"column":72}},"1":{"start":{"line":4,"column":16},"end":{"line":4,"column":49}},"2":{"start":{"line":6,"column":33},"end":{"line":23,"column":1}},"3":{"start":{"line":7,"column":25},"end":{"line":7,"column":35}},"4":{"start":{"line":9,"column":2},"end":{"line":22,"column":3}},"5":{"start":{"line":10,"column":23},"end":{"line":12,"column":6}},"6":{"start":{"line":14,"column":4},"end":{"line":16,"column":5}},"7":{"start":{"line":15,"column":6},"end":{"line":15,"column":96}},"8":{"start":{"line":18,"column":4},"end":{"line":18,"column":25}},"9":{"start":{"line":20,"column":4},"end":{"line":20,"column":54}},"10":{"start":{"line":21,"column":4},"end":{"line":21,"column":72}},"11":{"start":{"line":25,"column":0},"end":{"line":27,"column":2}}},"fnMap":{"0":{"name":"(anonymous_0)","decl":{"start":{"line":6,"column":33},"end":{"line":6,"column":34}},"loc":{"start":{"line":6,"column":53},"end":{"line":23,"column":1}},"line":6}},"branchMap":{"0":{"loc":{"start":{"line":14,"column":4},"end":{"line":16,"column":5}},"type":"if","locations":[{"start":{"line":14,"column":4},"end":{"line":16,"column":5}},{"start":{},"end":{}}],"line":14},"1":{"loc":{"start":{"line":14,"column":8},"end":{"line":14,"column":46}},"type":"binary-expr","locations":[{"start":{"line":14,"column":8},"end":{"line":14,"column":19}},{"start":{"line":14,"column":23},"end":{"line":14,"column":46}}],"line":14}},"s":{"0":2,"1":2,"2":2,"3":3,"4":3,"5":3,"6":2,"7":1,"8":1,"9":1,"10":1,"11":2},"f":{"0":3},"b":{"0":[1,1],"1":[2,2]},"_coverageSchema":"1a1c01bbd47fc00a2c39e90264f33305004495a9","hash":"70475c5d1e7b40109d405fe53fe1e58a83b6ed5c"}
,"C:\\Users\\eloy\\Desktop\\tfg\\game-security-project\\gi\\Game_security_backend\\src\\controllers\\faseController.js": {"path":"C:\\Users\\eloy\\Desktop\\tfg\\game-security-project\\gi\\Game_security_backend\\src\\controllers\\faseController.js","statementMap":{"0":{"start":{"line":2,"column":13},"end":{"line":2,"column":43}},"1":{"start":{"line":3,"column":16},"end":{"line":3,"column":49}},"2":{"start":{"line":6,"column":0},"end":{"line":19,"column":2}},"3":{"start":{"line":7,"column":2},"end":{"line":18,"column":3}},"4":{"start":{"line":8,"column":18},"end":{"line":13,"column":6}},"5":{"start":{"line":15,"column":4},"end":{"line":15,"column":20}},"6":{"start":{"line":17,"column":4},"end":{"line":17,"column":85}},"7":{"start":{"line":22,"column":0},"end":{"line":47,"column":4}},"8":{"start":{"line":23,"column":4},"end":{"line":46,"column":5}},"9":{"start":{"line":24,"column":22},"end":{"line":24,"column":40}},"10":{"start":{"line":25,"column":19},"end":{"line":30,"column":8}},"11":{"start":{"line":32,"column":6},"end":{"line":34,"column":7}},"12":{"start":{"line":33,"column":8},"end":{"line":33,"column":67}},"13":{"start":{"line":36,"column":23},"end":{"line":41,"column":7}},"14":{"start":{"line":43,"column":6},"end":{"line":43,"column":25}},"15":{"start":{"line":45,"column":6},"end":{"line":45,"column":87}}},"fnMap":{"0":{"name":"(anonymous_0)","decl":{"start":{"line":6,"column":31},"end":{"line":6,"column":32}},"loc":{"start":{"line":6,"column":51},"end":{"line":19,"column":1}},"line":6},"1":{"name":"(anonymous_1)","decl":{"start":{"line":22,"column":30},"end":{"line":22,"column":31}},"loc":{"start":{"line":22,"column":50},"end":{"line":47,"column":3}},"line":22}},"branchMap":{"0":{"loc":{"start":{"line":32,"column":6},"end":{"line":34,"column":7}},"type":"if","locations":[{"start":{"line":32,"column":6},"end":{"line":34,"column":7}},{"start":{},"end":{}}],"line":32}},"s":{"0":2,"1":2,"2":2,"3":2,"4":2,"5":1,"6":1,"7":2,"8":3,"9":3,"10":3,"11":2,"12":1,"13":1,"14":1,"15":1},"f":{"0":2,"1":3},"b":{"0":[1,1]},"_coverageSchema":"1a1c01bbd47fc00a2c39e90264f33305004495a9","hash":"2aafa972aedc3ab3f573273332efc7d71554d5c7"}
,"C:\\Users\\eloy\\Desktop\\tfg\\game-security-project\\gi\\Game_security_backend\\src\\controllers\\progresoController.js": {"path":"C:\\Users\\eloy\\Desktop\\tfg\\game-security-project\\gi\\Game_security_backend\\src\\controllers\\progresoController.js","statementMap":{"0":{"start":{"line":1,"column":17},"end":{"line":1,"column":51}},"1":{"start":{"line":2,"column":16},"end":{"line":2,"column":49}},"2":{"start":{"line":3,"column":16},"end":{"line":3,"column":49}},"3":{"start":{"line":5,"column":0},"end":{"line":29,"column":2}},"4":{"start":{"line":6,"column":2},"end":{"line":28,"column":3}},"5":{"start":{"line":7,"column":69},"end":{"line":7,"column":77}},"6":{"start":{"line":10,"column":20},"end":{"line":10,"column":54}},"7":{"start":{"line":11,"column":20},"end":{"line":11,"column":54}},"8":{"start":{"line":13,"column":4},"end":{"line":15,"column":5}},"9":{"start":{"line":14,"column":6},"end":{"line":14,"column":83}},"10":{"start":{"line":17,"column":24},"end":{"line":22,"column":6}},"11":{"start":{"line":24,"column":4},"end":{"line":24,"column":38}},"12":{"start":{"line":26,"column":4},"end":{"line":26,"column":53}},"13":{"start":{"line":27,"column":4},"end":{"line":27,"column":87}}},"fnMap":{"0":{"name":"(anonymous_0)","decl":{"start":{"line":5,"column":25},"end":{"line":5,"column":26}},"loc":{"start":{"line":5,"column":45},"end":{"line":29,"column":1}},"line":5}},"branchMap":{"0":{"loc":{"start":{"line":13,"column":4},"end":{"line":15,"column":5}},"type":"if","locations":[{"start":{"line":13,"column":4},"end":{"line":15,"column":5}},{"start":{},"end":{}}],"line":13},"1":{"loc":{"start":{"line":13,"column":8},"end":{"line":13,"column":28}},"type":"binary-expr","locations":[{"start":{"line":13,"column":8},"end":{"line":13,"column":16}},{"start":{"line":13,"column":20},"end":{"line":13,"column":28}}],"line":13}},"s":{"0":2,"1":2,"2":2,"3":2,"4":4,"5":4,"6":4,"7":3,"8":3,"9":2,"10":1,"11":1,"12":1,"13":1},"f":{"0":4},"b":{"0":[2,1],"1":[3,2]},"_coverageSchema":"1a1c01bbd47fc00a2c39e90264f33305004495a9","hash":"63dba601b4feb6b34237a02f8c7e60c67bc621d3"}
,"C:\\Users\\eloy\\Desktop\\tfg\\game-security-project\\gi\\Game_security_backend\\src\\controllers\\topController.js": {"path":"C:\\Users\\eloy\\Desktop\\tfg\\game-security-project\\gi\\Game_security_backend\\src\\controllers\\topController.js","statementMap":{"0":{"start":{"line":1,"column":17},"end":{"line":1,"column":51}},"1":{"start":{"line":2,"column":16},"end":{"line":2,"column":49}},"2":{"start":{"line":3,"column":22},"end":{"line":3,"column":42}},"3":{"start":{"line":5,"column":0},"end":{"line":33,"column":2}},"4":{"start":{"line":7,"column":4},"end":{"line":31,"column":5}},"5":{"start":{"line":8,"column":27},"end":{"line":20,"column":8}},"6":{"start":{"line":23,"column":28},"end":{"line":26,"column":9}},"7":{"start":{"line":23,"column":54},"end":{"line":26,"column":7}},"8":{"start":{"line":28,"column":6},"end":{"line":28,"column":42}},"9":{"start":{"line":30,"column":6},"end":{"line":30,"column":55}}},"fnMap":{"0":{"name":"(anonymous_0)","decl":{"start":{"line":6,"column":2},"end":{"line":6,"column":3}},"loc":{"start":{"line":6,"column":22},"end":{"line":32,"column":3}},"line":6},"1":{"name":"(anonymous_1)","decl":{"start":{"line":23,"column":45},"end":{"line":23,"column":46}},"loc":{"start":{"line":23,"column":54},"end":{"line":26,"column":7}},"line":23}},"branchMap":{},"s":{"0":1,"1":1,"2":1,"3":1,"4":0,"5":0,"6":0,"7":0,"8":0,"9":0},"f":{"0":0,"1":0},"b":{},"_coverageSchema":"1a1c01bbd47fc00a2c39e90264f33305004495a9","hash":"be1a36021a17822470400baa1a358e918e53d35d"}
,"C:\\Users\\eloy\\Desktop\\tfg\\game-security-project\\gi\\Game_security_backend\\src\\models\\desafioModel.js": {"path":"C:\\Users\\eloy\\Desktop\\tfg\\game-security-project\\gi\\Game_security_backend\\src\\models\\desafioModel.js","statementMap":{"0":{"start":{"line":2,"column":22},"end":{"line":2,"column":42}},"1":{"start":{"line":3,"column":18},"end":{"line":3,"column":45}},"2":{"start":{"line":4,"column":13},"end":{"line":4,"column":35}},"3":{"start":{"line":5,"column":14},"end":{"line":5,"column":37}},"4":{"start":{"line":6,"column":23},"end":{"line":6,"column":55}},"5":{"start":{"line":7,"column":28},"end":{"line":7,"column":65}},"6":{"start":{"line":8,"column":17},"end":{"line":8,"column":43}},"7":{"start":{"line":10,"column":16},"end":{"line":39,"column":2}},"8":{"start":{"line":44,"column":0},"end":{"line":44,"column":25}}},"fnMap":{},"branchMap":{},"s":{"0":6,"1":6,"2":6,"3":6,"4":6,"5":6,"6":6,"7":6,"8":6},"f":{},"b":{},"_coverageSchema":"1a1c01bbd47fc00a2c39e90264f33305004495a9","hash":"2848a5615e415082609645d748aaeb7cadd8f127"}
,"C:\\Users\\eloy\\Desktop\\tfg\\game-security-project\\gi\\Game_security_backend\\src\\models\\documentoAyudaModel.js": {"path":"C:\\Users\\eloy\\Desktop\\tfg\\game-security-project\\gi\\Game_security_backend\\src\\models\\documentoAyudaModel.js","statementMap":{"0":{"start":{"line":1,"column":22},"end":{"line":1,"column":42}},"1":{"start":{"line":2,"column":18},"end":{"line":2,"column":45}},"2":{"start":{"line":3,"column":16},"end":{"line":3,"column":41}},"3":{"start":{"line":5,"column":23},"end":{"line":25,"column":2}},"4":{"start":{"line":28,"column":0},"end":{"line":28,"column":32}}},"fnMap":{},"branchMap":{},"s":{"0":5,"1":5,"2":5,"3":5,"4":5},"f":{},"b":{},"_coverageSchema":"1a1c01bbd47fc00a2c39e90264f33305004495a9","hash":"9d2d81183322435ecbca0420450c10cd8701e57e"}
,"C:\\Users\\eloy\\Desktop\\tfg\\game-security-project\\gi\\Game_security_backend\\src\\models\\documentoPrevencionModel.js": {"path":"C:\\Users\\eloy\\Desktop\\tfg\\game-security-project\\gi\\Game_security_backend\\src\\models\\documentoPrevencionModel.js","statementMap":{"0":{"start":{"line":1,"column":22},"end":{"line":1,"column":42}},"1":{"start":{"line":2,"column":18},"end":{"line":2,"column":45}},"2":{"start":{"line":3,"column":16},"end":{"line":3,"column":41}},"3":{"start":{"line":5,"column":28},"end":{"line":25,"column":2}},"4":{"start":{"line":28,"column":0},"end":{"line":28,"column":37}}},"fnMap":{},"branchMap":{},"s":{"0":5,"1":5,"2":5,"3":5,"4":5},"f":{},"b":{},"_coverageSchema":"1a1c01bbd47fc00a2c39e90264f33305004495a9","hash":"9510096e075490db05e644add1fd4c2cc0e06ca0"}
,"C:\\Users\\eloy\\Desktop\\tfg\\game-security-project\\gi\\Game_security_backend\\src\\models\\faseModel.js": {"path":"C:\\Users\\eloy\\Desktop\\tfg\\game-security-project\\gi\\Game_security_backend\\src\\models\\faseModel.js","statementMap":{"0":{"start":{"line":2,"column":29},"end":{"line":2,"column":49}},"1":{"start":{"line":3,"column":18},"end":{"line":3,"column":45}},"2":{"start":{"line":7,"column":0},"end":{"line":25,"column":3}},"3":{"start":{"line":27,"column":0},"end":{"line":27,"column":22}}},"fnMap":{},"branchMap":{},"s":{"0":5,"1":5,"2":5,"3":5},"f":{},"b":{},"_coverageSchema":"1a1c01bbd47fc00a2c39e90264f33305004495a9","hash":"dfc6a4ddb44529ae155534650bd3285d87d324b8"}
,"C:\\Users\\eloy\\Desktop\\tfg\\game-security-project\\gi\\Game_security_backend\\src\\models\\logroModel.js": {"path":"C:\\Users\\eloy\\Desktop\\tfg\\game-security-project\\gi\\Game_security_backend\\src\\models\\logroModel.js","statementMap":{"0":{"start":{"line":1,"column":22},"end":{"line":1,"column":42}},"1":{"start":{"line":2,"column":18},"end":{"line":2,"column":45}},"2":{"start":{"line":4,"column":14},"end":{"line":21,"column":2}},"3":{"start":{"line":23,"column":0},"end":{"line":23,"column":23}}},"fnMap":{},"branchMap":{},"s":{"0":6,"1":6,"2":6,"3":6},"f":{},"b":{},"_coverageSchema":"1a1c01bbd47fc00a2c39e90264f33305004495a9","hash":"516aef5d5beed01561e8b199ba13bbd7b0c9861c"}
,"C:\\Users\\eloy\\Desktop\\tfg\\game-security-project\\gi\\Game_security_backend\\src\\models\\pistaModel.js": {"path":"C:\\Users\\eloy\\Desktop\\tfg\\game-security-project\\gi\\Game_security_backend\\src\\models\\pistaModel.js","statementMap":{"0":{"start":{"line":1,"column":22},"end":{"line":1,"column":42}},"1":{"start":{"line":2,"column":18},"end":{"line":2,"column":45}},"2":{"start":{"line":3,"column":16},"end":{"line":3,"column":41}},"3":{"start":{"line":5,"column":14},"end":{"line":25,"column":2}},"4":{"start":{"line":28,"column":0},"end":{"line":28,"column":23}}},"fnMap":{},"branchMap":{},"s":{"0":6,"1":6,"2":6,"3":6,"4":6},"f":{},"b":{},"_coverageSchema":"1a1c01bbd47fc00a2c39e90264f33305004495a9","hash":"ef5d7fcc22a15430aa62ec3f03bac647bf5b239e"}
,"C:\\Users\\eloy\\Desktop\\tfg\\game-security-project\\gi\\Game_security_backend\\src\\models\\progresoModel.js": {"path":"C:\\Users\\eloy\\Desktop\\tfg\\game-security-project\\gi\\Game_security_backend\\src\\models\\progresoModel.js","statementMap":{"0":{"start":{"line":1,"column":22},"end":{"line":1,"column":42}},"1":{"start":{"line":2,"column":18},"end":{"line":2,"column":45}},"2":{"start":{"line":3,"column":16},"end":{"line":3,"column":41}},"3":{"start":{"line":4,"column":16},"end":{"line":4,"column":41}},"4":{"start":{"line":6,"column":17},"end":{"line":37,"column":2}},"5":{"start":{"line":39,"column":0},"end":{"line":39,"column":26}}},"fnMap":{},"branchMap":{},"s":{"0":6,"1":6,"2":6,"3":6,"4":6,"5":6},"f":{},"b":{},"_coverageSchema":"1a1c01bbd47fc00a2c39e90264f33305004495a9","hash":"d17394f986ad54f1181d3a3f0d9f8cc98c1dbe45"}
,"C:\\Users\\eloy\\Desktop\\tfg\\game-security-project\\gi\\Game_security_backend\\src\\models\\rolModel.js": {"path":"C:\\Users\\eloy\\Desktop\\tfg\\game-security-project\\gi\\Game_security_backend\\src\\models\\rolModel.js","statementMap":{"0":{"start":{"line":1,"column":22},"end":{"line":1,"column":42}},"1":{"start":{"line":2,"column":18},"end":{"line":2,"column":45}},"2":{"start":{"line":4,"column":12},"end":{"line":20,"column":2}},"3":{"start":{"line":22,"column":0},"end":{"line":22,"column":21}}},"fnMap":{},"branchMap":{},"s":{"0":6,"1":6,"2":6,"3":6},"f":{},"b":{},"_coverageSchema":"1a1c01bbd47fc00a2c39e90264f33305004495a9","hash":"ac0a6d4e021def0cb97f8621a578ab03ea4efd91"}
,"C:\\Users\\eloy\\Desktop\\tfg\\game-security-project\\gi\\Game_security_backend\\src\\models\\usuarioLogroModel.js": {"path":"C:\\Users\\eloy\\Desktop\\tfg\\game-security-project\\gi\\Game_security_backend\\src\\models\\usuarioLogroModel.js","statementMap":{"0":{"start":{"line":1,"column":22},"end":{"line":1,"column":42}},"1":{"start":{"line":2,"column":18},"end":{"line":2,"column":45}},"2":{"start":{"line":3,"column":16},"end":{"line":3,"column":41}},"3":{"start":{"line":4,"column":14},"end":{"line":4,"column":37}},"4":{"start":{"line":6,"column":22},"end":{"line":24,"column":2}},"5":{"start":{"line":26,"column":0},"end":{"line":26,"column":83}},"6":{"start":{"line":28,"column":0},"end":{"line":28,"column":31}}},"fnMap":{},"branchMap":{},"s":{"0":1,"1":1,"2":1,"3":1,"4":1,"5":1,"6":1},"f":{},"b":{},"_coverageSchema":"1a1c01bbd47fc00a2c39e90264f33305004495a9","hash":"5ced7e31cac0282f6fa9e690c554f01526c995f8"}
,"C:\\Users\\eloy\\Desktop\\tfg\\game-security-project\\gi\\Game_security_backend\\src\\models\\usuarioModel.js": {"path":"C:\\Users\\eloy\\Desktop\\tfg\\game-security-project\\gi\\Game_security_backend\\src\\models\\usuarioModel.js","statementMap":{"0":{"start":{"line":1,"column":22},"end":{"line":1,"column":42}},"1":{"start":{"line":2,"column":18},"end":{"line":2,"column":45}},"2":{"start":{"line":3,"column":12},"end":{"line":3,"column":33}},"3":{"start":{"line":4,"column":17},"end":{"line":4,"column":43}},"4":{"start":{"line":5,"column":14},"end":{"line":5,"column":37}},"5":{"start":{"line":7,"column":16},"end":{"line":44,"column":2}},"6":{"start":{"line":48,"column":0},"end":{"line":48,"column":25}}},"fnMap":{},"branchMap":{},"s":{"0":5,"1":5,"2":5,"3":5,"4":5,"5":5,"6":5},"f":{},"b":{},"_coverageSchema":"1a1c01bbd47fc00a2c39e90264f33305004495a9","hash":"08b683fe68f712785a9d68ea6769627ff00362db"}
,"C:\\Users\\eloy\\Desktop\\tfg\\game-security-project\\gi\\Game_security_backend\\src\\routes\\adminRoutes.js": {"path":"C:\\Users\\eloy\\Desktop\\tfg\\game-security-project\\gi\\Game_security_backend\\src\\routes\\adminRoutes.js","statementMap":{"0":{"start":{"line":1,"column":16},"end":{"line":1,"column":34}},"1":{"start":{"line":2,"column":15},"end":{"line":2,"column":31}},"2":{"start":{"line":3,"column":60},"end":{"line":3,"column":101}},"3":{"start":{"line":6,"column":0},"end":{"line":6,"column":46}},"4":{"start":{"line":7,"column":0},"end":{"line":7,"column":49}},"5":{"start":{"line":8,"column":0},"end":{"line":8,"column":34}},"6":{"start":{"line":9,"column":0},"end":{"line":9,"column":45}},"7":{"start":{"line":11,"column":0},"end":{"line":11,"column":24}}},"fnMap":{},"branchMap":{},"s":{"0":2,"1":2,"2":2,"3":2,"4":2,"5":2,"6":2,"7":2},"f":{},"b":{},"_coverageSchema":"1a1c01bbd47fc00a2c39e90264f33305004495a9","hash":"c6160acc4bbdb82a024bac172f1566eaf4ec64f0"}
,"C:\\Users\\eloy\\Desktop\\tfg\\game-security-project\\gi\\Game_security_backend\\src\\routes\\desafioRoutes.js": {"path":"C:\\Users\\eloy\\Desktop\\tfg\\game-security-project\\gi\\Game_security_backend\\src\\routes\\desafioRoutes.js","statementMap":{"0":{"start":{"line":2,"column":16},"end":{"line":2,"column":34}},"1":{"start":{"line":3,"column":15},"end":{"line":3,"column":31}},"2":{"start":{"line":4,"column":26},"end":{"line":4,"column":74}},"3":{"start":{"line":8,"column":0},"end":{"line":8,"column":56}},"4":{"start":{"line":12,"column":0},"end":{"line":12,"column":77}},"5":{"start":{"line":16,"column":0},"end":{"line":16,"column":80}},"6":{"start":{"line":20,"column":0},"end":{"line":20,"column":60}},"7":{"start":{"line":24,"column":0},"end":{"line":24,"column":72}},"8":{"start":{"line":28,"column":0},"end":{"line":28,"column":52}},"9":{"start":{"line":31,"column":0},"end":{"line":31,"column":24}}},"fnMap":{},"branchMap":{},"s":{"0":3,"1":3,"2":3,"3":3,"4":3,"5":3,"6":3,"7":3,"8":3,"9":3},"f":{},"b":{},"_coverageSchema":"1a1c01bbd47fc00a2c39e90264f33305004495a9","hash":"0abbb1d9b776c18ce07dbc0040e6a6959f517327"}
,"C:\\Users\\eloy\\Desktop\\tfg\\game-security-project\\gi\\Game_security_backend\\src\\routes\\fases_desaRoutes.js": {"path":"C:\\Users\\eloy\\Desktop\\tfg\\game-security-project\\gi\\Game_security_backend\\src\\routes\\fases_desaRoutes.js","statementMap":{"0":{"start":{"line":2,"column":16},"end":{"line":2,"column":34}},"1":{"start":{"line":3,"column":53},"end":{"line":3,"column":93}},"2":{"start":{"line":4,"column":15},"end":{"line":4,"column":31}},"3":{"start":{"line":5,"column":33},"end":{"line":5,"column":83}},"4":{"start":{"line":6,"column":38},"end":{"line":6,"column":93}},"5":{"start":{"line":8,"column":0},"end":{"line":8,"column":43}},"6":{"start":{"line":9,"column":0},"end":{"line":9,"column":51}},"7":{"start":{"line":12,"column":25},"end":{"line":12,"column":68}},"8":{"start":{"line":15,"column":0},"end":{"line":15,"column":53}},"9":{"start":{"line":17,"column":0},"end":{"line":17,"column":102}},"10":{"start":{"line":18,"column":0},"end":{"line":18,"column":112}},"11":{"start":{"line":20,"column":27},"end":{"line":20,"column":71}},"12":{"start":{"line":22,"column":0},"end":{"line":22,"column":60}},"13":{"start":{"line":26,"column":0},"end":{"line":26,"column":24}}},"fnMap":{},"branchMap":{},"s":{"0":2,"1":2,"2":2,"3":2,"4":2,"5":2,"6":2,"7":2,"8":2,"9":2,"10":2,"11":2,"12":2,"13":2},"f":{},"b":{},"_coverageSchema":"1a1c01bbd47fc00a2c39e90264f33305004495a9","hash":"99d318225e01e02086bdd8fa3c4122e09f2ba044"}
,"C:\\Users\\eloy\\Desktop\\tfg\\game-security-project\\gi\\Game_security_backend\\src\\routes\\topRoutes.js": {"path":"C:\\Users\\eloy\\Desktop\\tfg\\game-security-project\\gi\\Game_security_backend\\src\\routes\\topRoutes.js","statementMap":{"0":{"start":{"line":1,"column":16},"end":{"line":1,"column":34}},"1":{"start":{"line":2,"column":15},"end":{"line":2,"column":31}},"2":{"start":{"line":3,"column":23},"end":{"line":3,"column":62}},"3":{"start":{"line":5,"column":0},"end":{"line":5,"column":55}},"4":{"start":{"line":8,"column":0},"end":{"line":8,"column":24}}},"fnMap":{},"branchMap":{},"s":{"0":2,"1":2,"2":2,"3":2,"4":2},"f":{},"b":{},"_coverageSchema":"1a1c01bbd47fc00a2c39e90264f33305004495a9","hash":"38c804c13cf695da54be3f8378cb49895230c32b"}
,"C:\\Users\\eloy\\Desktop\\tfg\\game-security-project\\gi\\Game_security_backend\\src\\routes\\userRoutes.js": {"path":"C:\\Users\\eloy\\Desktop\\tfg\\game-security-project\\gi\\Game_security_backend\\src\\routes\\userRoutes.js","statementMap":{"0":{"start":{"line":1,"column":16},"end":{"line":1,"column":34}},"1":{"start":{"line":2,"column":15},"end":{"line":2,"column":31}},"2":{"start":{"line":3,"column":23},"end":{"line":3,"column":63}},"3":{"start":{"line":5,"column":0},"end":{"line":5,"column":50}},"4":{"start":{"line":6,"column":0},"end":{"line":6,"column":44}},"5":{"start":{"line":8,"column":0},"end":{"line":8,"column":45}},"6":{"start":{"line":10,"column":0},"end":{"line":10,"column":24}}},"fnMap":{},"branchMap":{},"s":{"0":3,"1":3,"2":3,"3":3,"4":3,"5":3,"6":3},"f":{},"b":{},"_coverageSchema":"1a1c01bbd47fc00a2c39e90264f33305004495a9","hash":"f4f3b28b97a8f1f8959608645a7c5fe64993e5c1"}
}
