TN:
SF:src\app.js
FN:46,(anonymous_0)
FN:48,(anonymous_1)
FNF:2
FNH:0
FNDA:0,(anonymous_0)
FNDA:0,(anonymous_1)
DA:2,1
DA:4,1
DA:5,1
DA:6,1
DA:9,1
DA:10,1
DA:11,1
DA:13,1
DA:14,1
DA:15,1
DA:16,1
DA:17,1
DA:18,1
DA:19,1
DA:22,1
DA:24,1
DA:25,1
DA:26,1
DA:27,1
DA:29,1
DA:30,1
DA:32,1
DA:33,1
DA:34,1
DA:38,1
DA:39,1
DA:40,1
DA:41,1
DA:42,1
DA:45,1
DA:49,0
DA:53,1
LF:32
LH:31
BRDA:30,0,0,1
BRDA:30,0,1,1
BRF:2
BRH:2
end_of_record
TN:
SF:src\config\config.js
FNF:0
FNH:0
DA:1,8
DA:2,8
DA:4,8
DA:9,8
LF:4
LH:4
BRF:0
BRH:0
end_of_record
TN:
SF:src\controllers\adminController.js
FN:6,(anonymous_0)
FN:27,(anonymous_1)
FN:64,(anonymous_2)
FN:89,(anonymous_3)
FN:104,(anonymous_4)
FNF:5
FNH:5
FNDA:9,(anonymous_0)
FNDA:2,(anonymous_1)
FNDA:2,(anonymous_2)
FNDA:1,(anonymous_3)
FNDA:2,(anonymous_4)
DA:1,1
DA:3,1
DA:6,1
DA:7,9
DA:8,9
DA:9,9
DA:11,8
DA:12,8
DA:14,8
DA:15,1
DA:18,7
DA:20,0
DA:25,1
DA:28,2
DA:29,2
DA:31,2
DA:32,0
DA:36,2
DA:37,2
DA:38,2
DA:40,2
DA:41,1
DA:44,1
DA:45,1
DA:47,1
DA:57,0
DA:62,1
DA:65,2
DA:66,2
DA:68,2
DA:69,0
DA:73,2
DA:74,1
DA:77,1
DA:79,1
DA:81,0
DA:87,1
DA:90,1
DA:91,1
DA:94,1
DA:96,0
DA:102,1
DA:105,2
DA:106,2
DA:108,2
DA:109,0
DA:112,2
DA:117,2
DA:118,1
DA:121,1
DA:123,0
LF:51
LH:43
BRDA:9,0,0,1
BRDA:9,0,1,8
BRDA:14,1,0,1
BRDA:14,1,1,7
BRDA:14,2,0,8
BRDA:14,2,1,8
BRDA:31,3,0,0
BRDA:31,3,1,2
BRDA:37,4,0,1
BRDA:37,4,1,1
BRDA:38,5,0,1
BRDA:38,5,1,1
BRDA:40,6,0,1
BRDA:40,6,1,1
BRDA:68,7,0,0
BRDA:68,7,1,2
BRDA:73,8,0,1
BRDA:73,8,1,1
BRDA:108,9,0,0
BRDA:108,9,1,2
BRDA:117,10,0,1
BRDA:117,10,1,1
BRF:22
BRH:19
end_of_record
TN:
SF:src\controllers\admindesafioController.js
FN:11,(anonymous_0)
FN:32,(anonymous_1)
FN:48,(anonymous_2)
FN:57,(anonymous_3)
FN:66,(anonymous_4)
FN:92,(anonymous_5)
FN:116,(anonymous_6)
FN:128,(anonymous_7)
FN:140,(anonymous_8)
FN:175,(anonymous_9)
FN:198,(anonymous_10)
FN:227,(anonymous_11)
FN:259,(anonymous_12)
FNF:13
FNH:0
FNDA:0,(anonymous_0)
FNDA:0,(anonymous_1)
FNDA:0,(anonymous_2)
FNDA:0,(anonymous_3)
FNDA:0,(anonymous_4)
FNDA:0,(anonymous_5)
FNDA:0,(anonymous_6)
FNDA:0,(anonymous_7)
FNDA:0,(anonymous_8)
FNDA:0,(anonymous_9)
FNDA:0,(anonymous_10)
FNDA:0,(anonymous_11)
FNDA:0,(anonymous_12)
DA:2,1
DA:3,1
DA:4,1
DA:5,1
DA:6,1
DA:7,1
DA:8,1
DA:11,1
DA:12,0
DA:13,0
DA:14,0
DA:16,0
DA:17,0
DA:19,0
DA:20,0
DA:23,0
DA:25,0
DA:30,1
DA:33,0
DA:34,0
DA:36,0
DA:37,0
DA:40,0
DA:47,0
DA:48,0
DA:49,0
DA:56,0
DA:57,0
DA:58,0
DA:65,0
DA:66,0
DA:67,0
DA:74,0
DA:85,0
DA:90,1
DA:93,0
DA:94,0
DA:96,0
DA:97,0
DA:100,0
DA:101,0
DA:102,0
DA:103,0
DA:104,0
DA:106,0
DA:107,0
DA:110,0
DA:112,0
DA:114,0
DA:116,0
DA:117,0
DA:124,0
DA:126,0
DA:128,0
DA:129,0
DA:136,0
DA:138,0
DA:140,0
DA:141,0
DA:148,0
DA:157,0
DA:168,0
DA:173,1
DA:176,0
DA:177,0
DA:179,0
DA:180,0
DA:183,0
DA:184,0
DA:185,0
DA:186,0
DA:188,0
DA:190,0
DA:196,1
DA:199,0
DA:200,0
DA:217,0
DA:219,0
DA:225,1
DA:228,0
DA:229,0
DA:231,0
DA:232,0
DA:235,0
DA:245,0
DA:246,0
DA:249,0
DA:251,0
DA:257,1
DA:260,0
DA:261,0
DA:264,0
DA:266,0
LF:93
LH:14
BRDA:14,0,0,0
BRDA:14,0,1,0
BRDA:19,1,0,0
BRDA:19,1,1,0
BRDA:19,2,0,0
BRDA:19,2,1,0
BRDA:36,3,0,0
BRDA:36,3,1,0
BRDA:36,4,0,0
BRDA:36,4,1,0
BRDA:36,4,2,0
BRDA:36,4,3,0
BRDA:47,5,0,0
BRDA:47,5,1,0
BRDA:47,6,0,0
BRDA:47,6,1,0
BRDA:56,7,0,0
BRDA:56,7,1,0
BRDA:56,8,0,0
BRDA:56,8,1,0
BRDA:65,9,0,0
BRDA:65,9,1,0
BRDA:65,10,0,0
BRDA:65,10,1,0
BRDA:96,11,0,0
BRDA:96,11,1,0
BRDA:101,12,0,0
BRDA:101,12,1,0
BRDA:102,13,0,0
BRDA:102,13,1,0
BRDA:103,14,0,0
BRDA:103,14,1,0
BRDA:104,15,0,0
BRDA:104,15,1,0
BRDA:106,16,0,0
BRDA:106,16,1,0
BRDA:112,17,0,0
BRDA:112,17,1,0
BRDA:112,18,0,0
BRDA:112,18,1,0
BRDA:124,19,0,0
BRDA:124,19,1,0
BRDA:124,20,0,0
BRDA:124,20,1,0
BRDA:136,21,0,0
BRDA:136,21,1,0
BRDA:136,22,0,0
BRDA:136,22,1,0
BRDA:179,23,0,0
BRDA:179,23,1,0
BRDA:231,24,0,0
BRDA:231,24,1,0
BRDA:245,25,0,0
BRDA:245,25,1,0
BRF:54
BRH:0
end_of_record
TN:
SF:src\controllers\authController.js
FN:5,(anonymous_0)
FN:44,(anonymous_1)
FN:95,(anonymous_2)
FNF:3
FNH:3
FNDA:2,(anonymous_0)
FNDA:2,(anonymous_1)
FNDA:2,(anonymous_2)
DA:1,2
DA:2,2
DA:3,2
DA:5,2
DA:6,2
DA:7,2
DA:9,2
DA:10,2
DA:11,1
DA:14,1
DA:15,1
DA:17,1
DA:26,1
DA:28,1
DA:40,0
DA:44,2
DA:45,2
DA:46,2
DA:48,2
DA:49,0
DA:52,2
DA:53,2
DA:54,2
DA:55,1
DA:58,1
DA:60,1
DA:61,1
DA:64,0
DA:65,0
DA:66,0
DA:67,0
DA:68,0
DA:69,0
DA:70,0
DA:73,0
DA:75,0
DA:77,0
DA:79,0
DA:91,0
DA:95,2
DA:96,2
DA:97,2
DA:99,2
DA:101,2
DA:102,1
DA:105,1
DA:107,1
DA:119,0
LF:48
LH:33
BRDA:10,0,0,1
BRDA:10,0,1,1
BRDA:48,1,0,0
BRDA:48,1,1,2
BRDA:54,2,0,1
BRDA:54,2,1,1
BRDA:60,3,0,1
BRDA:60,3,1,0
BRDA:65,4,0,0
BRDA:65,4,1,0
BRDA:66,5,0,0
BRDA:66,5,1,0
BRDA:67,6,0,0
BRDA:67,6,1,0
BRDA:68,7,0,0
BRDA:68,7,1,0
BRDA:101,8,0,1
BRDA:101,8,1,1
BRDA:101,9,0,2
BRDA:101,9,1,1
BRF:20
BRH:10
end_of_record
TN:
SF:src\controllers\desafioController.js
FN:7,(anonymous_0)
FNF:1
FNH:1
FNDA:3,(anonymous_0)
DA:2,2
DA:5,2
DA:7,2
DA:8,3
DA:9,3
DA:10,3
DA:17,2
DA:18,1
DA:21,1
DA:23,1
LF:10
LH:10
BRDA:17,0,0,1
BRDA:17,0,1,1
BRF:2
BRH:2
end_of_record
TN:
SF:src\controllers\documentoayudaController.js
FN:6,(anonymous_0)
FNF:1
FNH:1
FNDA:3,(anonymous_0)
DA:3,2
DA:4,2
DA:6,2
DA:7,3
DA:9,3
DA:10,3
DA:14,2
DA:15,1
DA:18,1
DA:20,1
DA:21,1
DA:25,2
LF:12
LH:12
BRDA:14,0,0,1
BRDA:14,0,1,1
BRDA:14,1,0,2
BRDA:14,1,1,2
BRF:4
BRH:4
end_of_record
TN:
SF:src\controllers\documentoprevencionController.js
FN:6,(anonymous_0)
FNF:1
FNH:1
FNDA:3,(anonymous_0)
DA:3,2
DA:4,2
DA:6,2
DA:7,3
DA:9,3
DA:10,3
DA:14,2
DA:15,1
DA:18,1
DA:20,1
DA:21,1
DA:25,2
LF:12
LH:12
BRDA:14,0,0,1
BRDA:14,0,1,1
BRDA:14,1,0,2
BRDA:14,1,1,2
BRF:4
BRH:4
end_of_record
TN:
SF:src\controllers\faseController.js
FN:6,(anonymous_0)
FN:22,(anonymous_1)
FNF:2
FNH:2
FNDA:2,(anonymous_0)
FNDA:3,(anonymous_1)
DA:2,2
DA:3,2
DA:6,2
DA:7,2
DA:8,2
DA:15,1
DA:17,1
DA:22,2
DA:23,3
DA:24,3
DA:25,3
DA:32,2
DA:33,1
DA:36,1
DA:43,1
DA:45,1
LF:16
LH:16
BRDA:32,0,0,1
BRDA:32,0,1,1
BRF:2
BRH:2
end_of_record
TN:
SF:src\controllers\progresoController.js
FN:5,(anonymous_0)
FNF:1
FNH:1
FNDA:4,(anonymous_0)
DA:1,2
DA:2,2
DA:3,2
DA:5,2
DA:6,4
DA:7,4
DA:10,4
DA:11,3
DA:13,3
DA:14,2
DA:17,1
DA:24,1
DA:26,1
DA:27,1
LF:14
LH:14
BRDA:13,0,0,2
BRDA:13,0,1,1
BRDA:13,1,0,3
BRDA:13,1,1,2
BRF:4
BRH:4
end_of_record
TN:
SF:src\controllers\topController.js
FN:6,(anonymous_0)
FN:23,(anonymous_1)
FNF:2
FNH:0
FNDA:0,(anonymous_0)
FNDA:0,(anonymous_1)
DA:1,1
DA:2,1
DA:3,1
DA:5,1
DA:7,0
DA:8,0
DA:23,0
DA:28,0
DA:30,0
LF:9
LH:4
BRF:0
BRH:0
end_of_record
TN:
SF:src\models\desafioModel.js
FNF:0
FNH:0
DA:2,6
DA:3,6
DA:4,6
DA:5,6
DA:6,6
DA:7,6
DA:8,6
DA:10,6
DA:44,6
LF:9
LH:9
BRF:0
BRH:0
end_of_record
TN:
SF:src\models\documentoAyudaModel.js
FNF:0
FNH:0
DA:1,5
DA:2,5
DA:3,5
DA:5,5
DA:28,5
LF:5
LH:5
BRF:0
BRH:0
end_of_record
TN:
SF:src\models\documentoPrevencionModel.js
FNF:0
FNH:0
DA:1,5
DA:2,5
DA:3,5
DA:5,5
DA:28,5
LF:5
LH:5
BRF:0
BRH:0
end_of_record
TN:
SF:src\models\faseModel.js
FNF:0
FNH:0
DA:2,5
DA:3,5
DA:7,5
DA:27,5
LF:4
LH:4
BRF:0
BRH:0
end_of_record
TN:
SF:src\models\logroModel.js
FNF:0
FNH:0
DA:1,6
DA:2,6
DA:4,6
DA:23,6
LF:4
LH:4
BRF:0
BRH:0
end_of_record
TN:
SF:src\models\pistaModel.js
FNF:0
FNH:0
DA:1,6
DA:2,6
DA:3,6
DA:5,6
DA:28,6
LF:5
LH:5
BRF:0
BRH:0
end_of_record
TN:
SF:src\models\progresoModel.js
FNF:0
FNH:0
DA:1,6
DA:2,6
DA:3,6
DA:4,6
DA:6,6
DA:39,6
LF:6
LH:6
BRF:0
BRH:0
end_of_record
TN:
SF:src\models\rolModel.js
FNF:0
FNH:0
DA:1,6
DA:2,6
DA:4,6
DA:22,6
LF:4
LH:4
BRF:0
BRH:0
end_of_record
TN:
SF:src\models\usuarioLogroModel.js
FNF:0
FNH:0
DA:1,1
DA:2,1
DA:3,1
DA:4,1
DA:6,1
DA:26,1
DA:28,1
LF:7
LH:7
BRF:0
BRH:0
end_of_record
TN:
SF:src\models\usuarioModel.js
FNF:0
FNH:0
DA:1,5
DA:2,5
DA:3,5
DA:4,5
DA:5,5
DA:7,5
DA:48,5
LF:7
LH:7
BRF:0
BRH:0
end_of_record
TN:
SF:src\routes\adminRoutes.js
FNF:0
FNH:0
DA:1,2
DA:2,2
DA:3,2
DA:6,2
DA:7,2
DA:8,2
DA:9,2
DA:11,2
LF:8
LH:8
BRF:0
BRH:0
end_of_record
TN:
SF:src\routes\desafioRoutes.js
FNF:0
FNH:0
DA:2,3
DA:3,3
DA:4,3
DA:8,3
DA:12,3
DA:16,3
DA:20,3
DA:24,3
DA:28,3
DA:31,3
LF:10
LH:10
BRF:0
BRH:0
end_of_record
TN:
SF:src\routes\fases_desaRoutes.js
FNF:0
FNH:0
DA:2,2
DA:3,2
DA:4,2
DA:5,2
DA:6,2
DA:8,2
DA:9,2
DA:12,2
DA:15,2
DA:17,2
DA:18,2
DA:20,2
DA:22,2
DA:26,2
LF:14
LH:14
BRF:0
BRH:0
end_of_record
TN:
SF:src\routes\topRoutes.js
FNF:0
FNH:0
DA:1,2
DA:2,2
DA:3,2
DA:5,2
DA:8,2
LF:5
LH:5
BRF:0
BRH:0
end_of_record
TN:
SF:src\routes\userRoutes.js
FNF:0
FNH:0
DA:1,3
DA:2,3
DA:3,3
DA:5,3
DA:6,3
DA:8,3
DA:10,3
LF:7
LH:7
BRF:0
BRH:0
end_of_record
